Using pre-set license
Built from '2020.3/staging' branch; Version is '2020.3.11f1 (99c7afb366b3) revision 10078127'; Using compiler version '192528614'; Build Type 'Release'
OS: 'Windows 10 Education; OS build 19041.1237; Version 2004; 64bit' Language: 'ru' Physical Memory: 15805 MB
BatchMode: 1, IsHumanControllingUs: 0, StartBugReporterOnCrash: 0, Is64bit: 1, IsPro: 0

 COMMAND LINE ARGUMENTS:
C:\Program Files\Unity\Hub\Editor\2020.3.11f1\Editor\Unity.exe
-adb2
-batchMode
-noUpm
-name
AssetImportWorker1
-projectPath
C:/Users/Nintoryan/Documents/GitHub/YTaxi
-logFile
Logs/AssetImportWorker1.log
-srvPort
58216
Successfully changed project path to: C:/Users/Nintoryan/Documents/GitHub/YTaxi
C:/Users/Nintoryan/Documents/GitHub/YTaxi
Using Asset Import Pipeline V2.
Refreshing native plugins compatible for Editor in 84.29 ms, found 2 plugins.
Preloading 0 native plugins for Editor in 0.00 ms.
Initialize engine version: 2020.3.11f1 (99c7afb366b3)
[Subsystems] Discovering subsystems at path C:/Program Files/Unity/Hub/Editor/2020.3.11f1/Editor/Data/Resources/UnitySubsystems
[Subsystems] Discovering subsystems at path C:/Users/Nintoryan/Documents/GitHub/YTaxi/Assets
GfxDevice: creating device client; threaded=0
Direct3D:
    Version:  Direct3D 11.0 [level 11.1]
    Renderer: NVIDIA GeForce GTX 1650 (ID=0x1f91)
    Vendor:   
    VRAM:     3962 MB
    Driver:   27.21.14.5206
Initialize mono
Mono path[0] = 'C:/Program Files/Unity/Hub/Editor/2020.3.11f1/Editor/Data/Managed'
Mono path[1] = 'C:/Program Files/Unity/Hub/Editor/2020.3.11f1/Editor/Data/MonoBleedingEdge/lib/mono/unityjit'
Mono config path = 'C:/Program Files/Unity/Hub/Editor/2020.3.11f1/Editor/Data/MonoBleedingEdge/etc'
Using monoOptions --debugger-agent=transport=dt_socket,embedding=1,server=y,suspend=n,address=127.0.0.1:56528
Begin MonoManager ReloadAssembly
Registering precompiled unity dll's ...
Register platform support module: C:/Program Files/Unity/Hub/Editor/2020.3.11f1/Editor/Data/PlaybackEngines/WebGLSupport/UnityEditor.WebGL.Extensions.dll
Register platform support module: C:/Program Files/Unity/Hub/Editor/2020.3.11f1/Editor/Data/PlaybackEngines/MacStandaloneSupport/UnityEditor.OSXStandalone.Extensions.dll
Register platform support module: C:/Program Files/Unity/Hub/Editor/2020.3.11f1/Editor/Data/PlaybackEngines/WindowsStandaloneSupport/UnityEditor.WindowsStandalone.Extensions.dll
Registered in 0.003956 seconds.
Native extension for WindowsStandalone target not found
Native extension for OSXStandalone target not found
Native extension for WebGL target not found
Refreshing native plugins compatible for Editor in 80.16 ms, found 2 plugins.
Preloading 0 native plugins for Editor in 0.00 ms.
Mono: successfully reloaded assembly
- Completed reload, in  3.660 seconds
Platform modules already initialized, skipping
Registering precompiled user dll's ...
Registered in 0.008519 seconds.
Begin MonoManager ReloadAssembly
Native extension for WindowsStandalone target not found
Native extension for OSXStandalone target not found
Native extension for WebGL target not found
Refreshing native plugins compatible for Editor in 77.88 ms, found 2 plugins.
Preloading 0 native plugins for Editor in 0.00 ms.
Mono: successfully reloaded assembly
- Completed reload, in  1.800 seconds
Platform modules already initialized, skipping
========================================================================
Worker process is ready to serve import requests
Shader 'Universal Render Pipeline/Particles/Lit': fallback shader 'Universal Render Pipeline/Particles/SimpleLit' not found
Shader 'Universal Render Pipeline/Particles/Lit': fallback shader 'Universal Render Pipeline/Particles/SimpleLit' not found
Launched and connected shader compiler UnityShaderCompiler.exe after 0.11 seconds
Refreshing native plugins compatible for Editor in 1.17 ms, found 2 plugins.
Preloading 0 native plugins for Editor in 0.00 ms.
Unloading 3272 Unused Serialized files (Serialized files now loaded: 0)
System memory in use before: 142.5 MB.
System memory in use after: 140.5 MB.

Unloading 53 unused Assets to reduce memory usage. Loaded Objects now: 3685.
Total: 6.534000 ms (FindLiveObjects: 0.519600 ms CreateObjectMapping: 0.191000 ms MarkObjects: 4.247100 ms  DeleteObjects: 1.574100 ms)

========================================================================
Received Import Request.
  path: Assets/YTaxi/Wheels/Wheels.physicMaterial
  artifactKey: Guid(b68f26b6771c17a4d851382563dd10e0) Importer(815301076,1909f56bfc062723c751e8b465ee728b)
Start importing Assets/YTaxi/Wheels/Wheels.physicMaterial using Guid(b68f26b6771c17a4d851382563dd10e0) Importer(815301076,1909f56bfc062723c751e8b465ee728b)  -> (artifact id: '36705b2554cd635a03e245f6f2bae44c') in 0.061742 seconds
  Import took 0.069960 seconds .

========================================================================
Received Prepare
Registering precompiled user dll's ...
Registered in 0.007228 seconds.
Begin MonoManager ReloadAssembly
Native extension for WindowsStandalone target not found
Native extension for OSXStandalone target not found
Native extension for WebGL target not found
Refreshing native plugins compatible for Editor in 0.79 ms, found 2 plugins.
Preloading 0 native plugins for Editor in 0.00 ms.
Mono: successfully reloaded assembly
- Completed reload, in  1.546 seconds
Platform modules already initialized, skipping
Switching build target platform(19) subTarget(0) extendedPlatform(0) -> platform(13) subTarget(537395205) extendedPlatform(0)
Shader 'Universal Render Pipeline/Particles/Lit': fallback shader 'Universal Render Pipeline/Particles/SimpleLit' not found
Shader 'Universal Render Pipeline/Particles/Lit': fallback shader 'Universal Render Pipeline/Particles/SimpleLit' not found
Refreshing native plugins compatible for Editor in 1.23 ms, found 2 plugins.
Preloading 0 native plugins for Editor in 0.00 ms.
Unloading 3177 Unused Serialized files (Serialized files now loaded: 0)
System memory in use before: 136.0 MB.
System memory in use after: 134.0 MB.

Unloading 46 unused Assets to reduce memory usage. Loaded Objects now: 3688.
Total: 4.887800 ms (FindLiveObjects: 0.423800 ms CreateObjectMapping: 0.121800 ms MarkObjects: 2.977800 ms  DeleteObjects: 1.362300 ms)

AssetImportParameters requested are different than current active one (requested -> active):
  custom:graphics/normal-map-encoding: 01000000000000000000000000000000 -> 02000000000000000000000000000000
========================================================================
Received Prepare
Registering precompiled user dll's ...
Registered in 0.007038 seconds.
Begin MonoManager ReloadAssembly
Native extension for WindowsStandalone target not found
Native extension for OSXStandalone target not found
Native extension for WebGL target not found
Refreshing native plugins compatible for Editor in 0.78 ms, found 2 plugins.
Preloading 0 native plugins for Editor in 0.00 ms.
Mono: successfully reloaded assembly
- Completed reload, in  1.541 seconds
Platform modules already initialized, skipping
Switching build target platform(19) subTarget(0) extendedPlatform(0) -> platform(13) subTarget(537395205) extendedPlatform(0)
Shader 'Universal Render Pipeline/Particles/Lit': fallback shader 'Universal Render Pipeline/Particles/SimpleLit' not found
Shader 'Universal Render Pipeline/Particles/Lit': fallback shader 'Universal Render Pipeline/Particles/SimpleLit' not found
Refreshing native plugins compatible for Editor in 0.74 ms, found 2 plugins.
Preloading 0 native plugins for Editor in 0.00 ms.
Unloading 3177 Unused Serialized files (Serialized files now loaded: 0)
System memory in use before: 136.0 MB.
System memory in use after: 134.1 MB.

Unloading 46 unused Assets to reduce memory usage. Loaded Objects now: 3691.
Total: 7.196400 ms (FindLiveObjects: 0.588300 ms CreateObjectMapping: 0.153400 ms MarkObjects: 4.628700 ms  DeleteObjects: 1.823700 ms)

AssetImportParameters requested are different than current active one (requested -> active):
  custom:graphics/normal-map-encoding: 01000000000000000000000000000000 -> 02000000000000000000000000000000
========================================================================
Received Prepare
Registering precompiled user dll's ...
Registered in 0.008145 seconds.
Begin MonoManager ReloadAssembly
Native extension for WindowsStandalone target not found
Native extension for OSXStandalone target not found
Native extension for WebGL target not found
Refreshing native plugins compatible for Editor in 0.78 ms, found 2 plugins.
Preloading 0 native plugins for Editor in 0.00 ms.
Mono: successfully reloaded assembly
- Completed reload, in  1.549 seconds
Platform modules already initialized, skipping
Switching build target platform(19) subTarget(0) extendedPlatform(0) -> platform(13) subTarget(537395205) extendedPlatform(0)
Shader 'Universal Render Pipeline/Particles/Lit': fallback shader 'Universal Render Pipeline/Particles/SimpleLit' not found
Shader 'Universal Render Pipeline/Particles/Lit': fallback shader 'Universal Render Pipeline/Particles/SimpleLit' not found
Refreshing native plugins compatible for Editor in 0.78 ms, found 2 plugins.
Preloading 0 native plugins for Editor in 0.00 ms.
Unloading 3177 Unused Serialized files (Serialized files now loaded: 0)
System memory in use before: 136.1 MB.
System memory in use after: 134.1 MB.

Unloading 46 unused Assets to reduce memory usage. Loaded Objects now: 3694.
Total: 5.354900 ms (FindLiveObjects: 0.499400 ms CreateObjectMapping: 0.195300 ms MarkObjects: 3.191800 ms  DeleteObjects: 1.465500 ms)

AssetImportParameters requested are different than current active one (requested -> active):
  custom:graphics/normal-map-encoding: 01000000000000000000000000000000 -> 02000000000000000000000000000000
========================================================================
Received Prepare
Registering precompiled user dll's ...
Registered in 0.008016 seconds.
Begin MonoManager ReloadAssembly
Native extension for WindowsStandalone target not found
Native extension for OSXStandalone target not found
Native extension for WebGL target not found
Refreshing native plugins compatible for Editor in 0.77 ms, found 2 plugins.
Preloading 0 native plugins for Editor in 0.00 ms.
Mono: successfully reloaded assembly
- Completed reload, in  1.648 seconds
Platform modules already initialized, skipping
Switching build target platform(19) subTarget(0) extendedPlatform(0) -> platform(13) subTarget(537395205) extendedPlatform(0)
Shader 'Universal Render Pipeline/Particles/Lit': fallback shader 'Universal Render Pipeline/Particles/SimpleLit' not found
Shader 'Universal Render Pipeline/Particles/Lit': fallback shader 'Universal Render Pipeline/Particles/SimpleLit' not found
Refreshing native plugins compatible for Editor in 0.75 ms, found 2 plugins.
Preloading 0 native plugins for Editor in 0.00 ms.
Unloading 3177 Unused Serialized files (Serialized files now loaded: 0)
System memory in use before: 136.1 MB.
System memory in use after: 134.1 MB.

Unloading 46 unused Assets to reduce memory usage. Loaded Objects now: 3697.
Total: 5.924400 ms (FindLiveObjects: 0.517100 ms CreateObjectMapping: 0.365300 ms MarkObjects: 3.241200 ms  DeleteObjects: 1.798700 ms)

AssetImportParameters requested are different than current active one (requested -> active):
  custom:graphics/normal-map-encoding: 01000000000000000000000000000000 -> 02000000000000000000000000000000
========================================================================
Received Prepare
Registering precompiled user dll's ...
Registered in 0.007682 seconds.
Begin MonoManager ReloadAssembly
Native extension for WindowsStandalone target not found
Native extension for OSXStandalone target not found
Native extension for WebGL target not found
Refreshing native plugins compatible for Editor in 0.78 ms, found 2 plugins.
Preloading 0 native plugins for Editor in 0.00 ms.
Mono: successfully reloaded assembly
- Completed reload, in  1.589 seconds
Platform modules already initialized, skipping
Switching build target platform(19) subTarget(0) extendedPlatform(0) -> platform(13) subTarget(537395205) extendedPlatform(0)
Shader 'Universal Render Pipeline/Particles/Lit': fallback shader 'Universal Render Pipeline/Particles/SimpleLit' not found
Shader 'Universal Render Pipeline/Particles/Lit': fallback shader 'Universal Render Pipeline/Particles/SimpleLit' not found
Refreshing native plugins compatible for Editor in 0.79 ms, found 2 plugins.
Preloading 0 native plugins for Editor in 0.00 ms.
Unloading 3177 Unused Serialized files (Serialized files now loaded: 0)
System memory in use before: 136.1 MB.
System memory in use after: 134.1 MB.

Unloading 46 unused Assets to reduce memory usage. Loaded Objects now: 3700.
Total: 5.949300 ms (FindLiveObjects: 0.425700 ms CreateObjectMapping: 0.132300 ms MarkObjects: 3.648700 ms  DeleteObjects: 1.740800 ms)

AssetImportParameters requested are different than current active one (requested -> active):
  custom:graphics/normal-map-encoding: 01000000000000000000000000000000 -> 02000000000000000000000000000000
========================================================================
Received Prepare
Registering precompiled user dll's ...
Registered in 0.010898 seconds.
Begin MonoManager ReloadAssembly
Native extension for WindowsStandalone target not found
Native extension for OSXStandalone target not found
Native extension for WebGL target not found
Refreshing native plugins compatible for Editor in 1.03 ms, found 2 plugins.
Preloading 0 native plugins for Editor in 0.00 ms.
Mono: successfully reloaded assembly
- Completed reload, in  1.959 seconds
Platform modules already initialized, skipping
Switching build target platform(19) subTarget(0) extendedPlatform(0) -> platform(13) subTarget(537395205) extendedPlatform(0)
Shader 'Universal Render Pipeline/Particles/Lit': fallback shader 'Universal Render Pipeline/Particles/SimpleLit' not found
Shader 'Universal Render Pipeline/Particles/Lit': fallback shader 'Universal Render Pipeline/Particles/SimpleLit' not found
Refreshing native plugins compatible for Editor in 0.74 ms, found 2 plugins.
Preloading 0 native plugins for Editor in 0.00 ms.
Unloading 3177 Unused Serialized files (Serialized files now loaded: 0)
System memory in use before: 136.1 MB.
System memory in use after: 134.1 MB.

Unloading 46 unused Assets to reduce memory usage. Loaded Objects now: 3703.
Total: 5.589800 ms (FindLiveObjects: 0.421700 ms CreateObjectMapping: 0.143100 ms MarkObjects: 3.435000 ms  DeleteObjects: 1.587100 ms)

AssetImportParameters requested are different than current active one (requested -> active):
  custom:graphics/normal-map-encoding: 01000000000000000000000000000000 -> 02000000000000000000000000000000
========================================================================
Received Prepare
Registering precompiled user dll's ...
Registered in 0.007834 seconds.
Begin MonoManager ReloadAssembly
Native extension for WindowsStandalone target not found
Native extension for OSXStandalone target not found
Native extension for WebGL target not found
Refreshing native plugins compatible for Editor in 0.82 ms, found 2 plugins.
Preloading 0 native plugins for Editor in 0.00 ms.
Mono: successfully reloaded assembly
- Completed reload, in  1.621 seconds
Platform modules already initialized, skipping
Switching build target platform(19) subTarget(0) extendedPlatform(0) -> platform(13) subTarget(537395205) extendedPlatform(0)
Shader 'Universal Render Pipeline/Particles/Lit': fallback shader 'Universal Render Pipeline/Particles/SimpleLit' not found
Shader 'Universal Render Pipeline/Particles/Lit': fallback shader 'Universal Render Pipeline/Particles/SimpleLit' not found
Refreshing native plugins compatible for Editor in 0.79 ms, found 2 plugins.
Preloading 0 native plugins for Editor in 0.00 ms.
Unloading 3177 Unused Serialized files (Serialized files now loaded: 0)
System memory in use before: 136.1 MB.
System memory in use after: 134.1 MB.

Unloading 46 unused Assets to reduce memory usage. Loaded Objects now: 3706.
Total: 5.125200 ms (FindLiveObjects: 0.410300 ms CreateObjectMapping: 0.106600 ms MarkObjects: 3.042600 ms  DeleteObjects: 1.563800 ms)

AssetImportParameters requested are different than current active one (requested -> active):
  custom:graphics/normal-map-encoding: 01000000000000000000000000000000 -> 02000000000000000000000000000000
========================================================================
Received Import Request.
  Time since last request: 611.229189 seconds.
  path: Assets/YTaxi/Resources/Prefabs/Car.prefab
  artifactKey: Guid(439e4be230fe98a4bad661c8e3a3aba6) Importer(815301076,1909f56bfc062723c751e8b465ee728b)
Start importing Assets/YTaxi/Resources/Prefabs/Car.prefab using Guid(439e4be230fe98a4bad661c8e3a3aba6) Importer(815301076,1909f56bfc062723c751e8b465ee728b)  -> (artifact id: '7cbba2c93fb0d7eaa6f4c99a981ff9cf') in 0.330696 seconds
  Import took 0.338879 seconds .

========================================================================
Received Import Request.
  Time since last request: 16.268354 seconds.
  path: Assets/YTaxi/Resources/Prefabs/Car.prefab
  artifactKey: Guid(439e4be230fe98a4bad661c8e3a3aba6) Importer(815301076,1909f56bfc062723c751e8b465ee728b)
Start importing Assets/YTaxi/Resources/Prefabs/Car.prefab using Guid(439e4be230fe98a4bad661c8e3a3aba6) Importer(815301076,1909f56bfc062723c751e8b465ee728b)  -> (artifact id: '1d022dd858ae3a3073f2675595630097') in 0.030750 seconds
  Import took 0.037875 seconds .

========================================================================
Received Prepare
Registering precompiled user dll's ...
Registered in 0.007371 seconds.
Begin MonoManager ReloadAssembly
Native extension for WindowsStandalone target not found
Native extension for OSXStandalone target not found
Native extension for WebGL target not found
Refreshing native plugins compatible for Editor in 0.79 ms, found 2 plugins.
Preloading 0 native plugins for Editor in 0.00 ms.
Mono: successfully reloaded assembly
- Completed reload, in  1.657 seconds
Platform modules already initialized, skipping
Switching build target platform(19) subTarget(0) extendedPlatform(0) -> platform(13) subTarget(537395205) extendedPlatform(0)
Shader 'Universal Render Pipeline/Particles/Lit': fallback shader 'Universal Render Pipeline/Particles/SimpleLit' not found
Shader 'Universal Render Pipeline/Particles/Lit': fallback shader 'Universal Render Pipeline/Particles/SimpleLit' not found
Refreshing native plugins compatible for Editor in 0.79 ms, found 2 plugins.
Preloading 0 native plugins for Editor in 0.00 ms.
Unloading 3177 Unused Serialized files (Serialized files now loaded: 0)
System memory in use before: 141.3 MB.
System memory in use after: 139.4 MB.

Unloading 46 unused Assets to reduce memory usage. Loaded Objects now: 3756.
Total: 5.976700 ms (FindLiveObjects: 0.435900 ms CreateObjectMapping: 0.125300 ms MarkObjects: 3.906900 ms  DeleteObjects: 1.506900 ms)

AssetImportParameters requested are different than current active one (requested -> active):
  custom:graphics/normal-map-encoding: 01000000000000000000000000000000 -> 02000000000000000000000000000000
========================================================================
Received Import Request.
  Time since last request: 71.900834 seconds.
  path: Assets/YTaxi/Scenes/Level3.unity
  artifactKey: Guid(56cc2823d587bcd4c9a368200cab026a) Importer(815301076,1909f56bfc062723c751e8b465ee728b)
Start importing Assets/YTaxi/Scenes/Level3.unity using Guid(56cc2823d587bcd4c9a368200cab026a) Importer(815301076,1909f56bfc062723c751e8b465ee728b)  -> (artifact id: '0623056cf9ea283c0a0765644913b44d') in 0.022396 seconds
  Import took 0.029340 seconds .

========================================================================
Received Import Request.
  Time since last request: 31.587534 seconds.
  path: Assets/YTaxi/Scenes/Level6.unity
  artifactKey: Guid(a157379f5e5509049a978620d9b08206) Importer(815301076,1909f56bfc062723c751e8b465ee728b)
Start importing Assets/YTaxi/Scenes/Level6.unity using Guid(a157379f5e5509049a978620d9b08206) Importer(815301076,1909f56bfc062723c751e8b465ee728b)  -> (artifact id: '691ae1f3c609b5968ff819f6fbe6bc29') in 0.005056 seconds
  Import took 0.011857 seconds .

========================================================================
Received Import Request.
  Time since last request: 37.260043 seconds.
  path: Assets/YTaxi/Scenes/Level0.unity
  artifactKey: Guid(dba6a0ddaf2d4c848af1e292f52bc775) Importer(815301076,1909f56bfc062723c751e8b465ee728b)
Start importing Assets/YTaxi/Scenes/Level0.unity using Guid(dba6a0ddaf2d4c848af1e292f52bc775) Importer(815301076,1909f56bfc062723c751e8b465ee728b)  -> (artifact id: '1964a4cf8f0fc6b22d3990c77cbb47ee') in 0.003881 seconds
  Import took 0.010522 seconds .

========================================================================
Received Prepare
Registering precompiled user dll's ...
Registered in 0.008123 seconds.
Begin MonoManager ReloadAssembly
Native extension for WindowsStandalone target not found
Native extension for OSXStandalone target not found
Native extension for WebGL target not found
Refreshing native plugins compatible for Editor in 1.27 ms, found 2 plugins.
Preloading 0 native plugins for Editor in 0.00 ms.
Mono: successfully reloaded assembly
- Completed reload, in  1.799 seconds
Platform modules already initialized, skipping
Switching build target platform(19) subTarget(0) extendedPlatform(0) -> platform(13) subTarget(537395205) extendedPlatform(0)
Shader 'Universal Render Pipeline/Particles/Lit': fallback shader 'Universal Render Pipeline/Particles/SimpleLit' not found
Shader 'Universal Render Pipeline/Particles/Lit': fallback shader 'Universal Render Pipeline/Particles/SimpleLit' not found
Refreshing native plugins compatible for Editor in 1.15 ms, found 2 plugins.
Preloading 0 native plugins for Editor in 0.00 ms.
Unloading 3177 Unused Serialized files (Serialized files now loaded: 0)
System memory in use before: 141.3 MB.
System memory in use after: 139.4 MB.

Unloading 46 unused Assets to reduce memory usage. Loaded Objects now: 3759.
Total: 6.273100 ms (FindLiveObjects: 0.439000 ms CreateObjectMapping: 0.224300 ms MarkObjects: 4.012000 ms  DeleteObjects: 1.595300 ms)

AssetImportParameters requested are different than current active one (requested -> active):
  custom:graphics/normal-map-encoding: 01000000000000000000000000000000 -> 02000000000000000000000000000000
========================================================================
Received Import Request.
  Time since last request: 227.148681 seconds.
  path: Assets/YTaxi/Resources/Prefabs/Car Bot Variant.prefab
  artifactKey: Guid(e6ad62f61de21634c84a83e0ec6b628b) Importer(815301076,1909f56bfc062723c751e8b465ee728b)
Start importing Assets/YTaxi/Resources/Prefabs/Car Bot Variant.prefab using Guid(e6ad62f61de21634c84a83e0ec6b628b) Importer(815301076,1909f56bfc062723c751e8b465ee728b)  -> (artifact id: '7c81938bdde12a863781a02a0a1455a3') in 0.261485 seconds
  Import took 0.269451 seconds .

========================================================================
Received Import Request.
  Time since last request: 7.307076 seconds.
  path: Assets/YTaxi/Scripts/Bot/bigRound.prefab
  artifactKey: Guid(397fe91a808e947418d044cafc61a22c) Importer(815301076,1909f56bfc062723c751e8b465ee728b)
Start importing Assets/YTaxi/Scripts/Bot/bigRound.prefab using Guid(397fe91a808e947418d044cafc61a22c) Importer(815301076,1909f56bfc062723c751e8b465ee728b)  -> (artifact id: '4aef4343eb332474915438d807973e14') in 0.020599 seconds
  Import took 0.027361 seconds .

========================================================================
Received Import Request.
  Time since last request: 0.009311 seconds.
  path: Assets/YTaxi/Scripts/Bot/bigRound.prefab
  artifactKey: Guid(397fe91a808e947418d044cafc61a22c) Importer(815301076,1909f56bfc062723c751e8b465ee728b)
Start importing Assets/YTaxi/Scripts/Bot/bigRound.prefab using Guid(397fe91a808e947418d044cafc61a22c) Importer(815301076,1909f56bfc062723c751e8b465ee728b)  -> (artifact id: '4aef4343eb332474915438d807973e14') in 0.018725 seconds
  Import took 0.024890 seconds .

========================================================================
Received Prepare
Registering precompiled user dll's ...
Registered in 0.007123 seconds.
Begin MonoManager ReloadAssembly
Native extension for WindowsStandalone target not found
Native extension for OSXStandalone target not found
Native extension for WebGL target not found
Refreshing native plugins compatible for Editor in 0.78 ms, found 2 plugins.
Preloading 0 native plugins for Editor in 0.00 ms.
Mono: successfully reloaded assembly
- Completed reload, in  1.696 seconds
Platform modules already initialized, skipping
Switching build target platform(19) subTarget(0) extendedPlatform(0) -> platform(13) subTarget(537395205) extendedPlatform(0)
Shader 'Universal Render Pipeline/Particles/Lit': fallback shader 'Universal Render Pipeline/Particles/SimpleLit' not found
Shader 'Universal Render Pipeline/Particles/Lit': fallback shader 'Universal Render Pipeline/Particles/SimpleLit' not found
Refreshing native plugins compatible for Editor in 0.75 ms, found 2 plugins.
Preloading 0 native plugins for Editor in 0.00 ms.
Unloading 3177 Unused Serialized files (Serialized files now loaded: 0)
System memory in use before: 141.7 MB.
System memory in use after: 139.7 MB.

Unloading 46 unused Assets to reduce memory usage. Loaded Objects now: 3798.
Total: 6.176300 ms (FindLiveObjects: 0.424800 ms CreateObjectMapping: 0.105100 ms MarkObjects: 3.769300 ms  DeleteObjects: 1.874900 ms)

AssetImportParameters requested are different than current active one (requested -> active):
  custom:graphics/normal-map-encoding: 01000000000000000000000000000000 -> 02000000000000000000000000000000
========================================================================
Received Prepare
Registering precompiled user dll's ...
Registered in 0.007712 seconds.
Begin MonoManager ReloadAssembly
Native extension for WindowsStandalone target not found
Native extension for OSXStandalone target not found
Native extension for WebGL target not found
Refreshing native plugins compatible for Editor in 0.76 ms, found 2 plugins.
Preloading 0 native plugins for Editor in 0.00 ms.
Mono: successfully reloaded assembly
- Completed reload, in  1.688 seconds
Platform modules already initialized, skipping
Switching build target platform(19) subTarget(0) extendedPlatform(0) -> platform(13) subTarget(537395205) extendedPlatform(0)
Shader 'Universal Render Pipeline/Particles/Lit': fallback shader 'Universal Render Pipeline/Particles/SimpleLit' not found
Shader 'Universal Render Pipeline/Particles/Lit': fallback shader 'Universal Render Pipeline/Particles/SimpleLit' not found
Refreshing native plugins compatible for Editor in 0.77 ms, found 2 plugins.
Preloading 0 native plugins for Editor in 0.00 ms.
Unloading 3177 Unused Serialized files (Serialized files now loaded: 0)
System memory in use before: 141.7 MB.
System memory in use after: 139.7 MB.

Unloading 46 unused Assets to reduce memory usage. Loaded Objects now: 3801.
Total: 5.580600 ms (FindLiveObjects: 0.563100 ms CreateObjectMapping: 0.217900 ms MarkObjects: 3.181400 ms  DeleteObjects: 1.615500 ms)

AssetImportParameters requested are different than current active one (requested -> active):
  custom:graphics/normal-map-encoding: 01000000000000000000000000000000 -> 02000000000000000000000000000000
========================================================================
Received Prepare
Registering precompiled user dll's ...
Registered in 0.007154 seconds.
Begin MonoManager ReloadAssembly
Native extension for WindowsStandalone target not found
Native extension for OSXStandalone target not found
Native extension for WebGL target not found
Refreshing native plugins compatible for Editor in 0.79 ms, found 2 plugins.
Preloading 0 native plugins for Editor in 0.00 ms.
Mono: successfully reloaded assembly
- Completed reload, in  1.674 seconds
Platform modules already initialized, skipping
Switching build target platform(19) subTarget(0) extendedPlatform(0) -> platform(13) subTarget(537395205) extendedPlatform(0)
Shader 'Universal Render Pipeline/Particles/Lit': fallback shader 'Universal Render Pipeline/Particles/SimpleLit' not found
Shader 'Universal Render Pipeline/Particles/Lit': fallback shader 'Universal Render Pipeline/Particles/SimpleLit' not found
Refreshing native plugins compatible for Editor in 0.83 ms, found 2 plugins.
Preloading 0 native plugins for Editor in 0.00 ms.
Unloading 3177 Unused Serialized files (Serialized files now loaded: 0)
System memory in use before: 141.7 MB.
System memory in use after: 139.7 MB.

Unloading 46 unused Assets to reduce memory usage. Loaded Objects now: 3804.
Total: 5.751700 ms (FindLiveObjects: 0.451200 ms CreateObjectMapping: 0.162800 ms MarkObjects: 3.525800 ms  DeleteObjects: 1.609500 ms)

AssetImportParameters requested are different than current active one (requested -> active):
  custom:graphics/normal-map-encoding: 01000000000000000000000000000000 -> 02000000000000000000000000000000
========================================================================
Received Import Request.
  Time since last request: 103.386007 seconds.
  path: Assets/YTaxi/Scripts/Bot/New Game Object.prefab
  artifactKey: Guid(608bd3d4447ddb449966451d46e3e5a5) Importer(815301076,1909f56bfc062723c751e8b465ee728b)
Start importing Assets/YTaxi/Scripts/Bot/New Game Object.prefab using Guid(608bd3d4447ddb449966451d46e3e5a5) Importer(815301076,1909f56bfc062723c751e8b465ee728b)  -> (artifact id: 'ab00b66152c65672dd7d425c6f4d8eb1') in 0.259280 seconds
  Import took 0.266597 seconds .

========================================================================
Received Import Request.
  Time since last request: 2.727385 seconds.
  path: Assets/YTaxi/Scripts/Bot/bigRound.prefab
  artifactKey: Guid(608bd3d4447ddb449966451d46e3e5a5) Importer(815301076,1909f56bfc062723c751e8b465ee728b)
Start importing Assets/YTaxi/Scripts/Bot/bigRound.prefab using Guid(608bd3d4447ddb449966451d46e3e5a5) Importer(815301076,1909f56bfc062723c751e8b465ee728b)  -> (artifact id: '66b0866278ad16580cbf68f2b23561b7') in 0.026040 seconds
  Import took 0.033716 seconds .

========================================================================
Received Import Request.
  Time since last request: 3.002182 seconds.
  path: Assets/YTaxi/Scripts/Bot/mediumRound.prefab
  artifactKey: Guid(baf91849895c8a648a899522f17f8c79) Importer(815301076,1909f56bfc062723c751e8b465ee728b)
Start importing Assets/YTaxi/Scripts/Bot/mediumRound.prefab using Guid(baf91849895c8a648a899522f17f8c79) Importer(815301076,1909f56bfc062723c751e8b465ee728b)  -> (artifact id: 'bf23e0f858f4d16e4d0bbb047e4a57fc') in 0.017061 seconds
  Import took 0.023796 seconds .

========================================================================
Received Prepare
Registering precompiled user dll's ...
Registered in 0.007394 seconds.
Begin MonoManager ReloadAssembly
Native extension for WindowsStandalone target not found
Native extension for OSXStandalone target not found
Native extension for WebGL target not found
Refreshing native plugins compatible for Editor in 0.79 ms, found 2 plugins.
Preloading 0 native plugins for Editor in 0.00 ms.
Mono: successfully reloaded assembly
- Completed reload, in  1.741 seconds
Platform modules already initialized, skipping
Switching build target platform(19) subTarget(0) extendedPlatform(0) -> platform(13) subTarget(537395205) extendedPlatform(0)
Shader 'Universal Render Pipeline/Particles/Lit': fallback shader 'Universal Render Pipeline/Particles/SimpleLit' not found
Shader 'Universal Render Pipeline/Particles/Lit': fallback shader 'Universal Render Pipeline/Particles/SimpleLit' not found
Refreshing native plugins compatible for Editor in 0.78 ms, found 2 plugins.
Preloading 0 native plugins for Editor in 0.00 ms.
Unloading 3177 Unused Serialized files (Serialized files now loaded: 0)
System memory in use before: 142.4 MB.
System memory in use after: 140.4 MB.

Unloading 46 unused Assets to reduce memory usage. Loaded Objects now: 3843.
Total: 6.408400 ms (FindLiveObjects: 0.636100 ms CreateObjectMapping: 0.370400 ms MarkObjects: 3.610400 ms  DeleteObjects: 1.789300 ms)

AssetImportParameters requested are different than current active one (requested -> active):
  custom:graphics/normal-map-encoding: 01000000000000000000000000000000 -> 02000000000000000000000000000000
========================================================================
Received Import Request.
  Time since last request: 67.599683 seconds.
  path: Assets/YTaxi/Scripts/Bot/New Game Object.prefab
  artifactKey: Guid(fee26b2ee709bd5488b3d67395f1a0e0) Importer(815301076,1909f56bfc062723c751e8b465ee728b)
Start importing Assets/YTaxi/Scripts/Bot/New Game Object.prefab using Guid(fee26b2ee709bd5488b3d67395f1a0e0) Importer(815301076,1909f56bfc062723c751e8b465ee728b)  -> (artifact id: 'd1ff01a7bdf195ad28934d30da4479c4') in 0.231166 seconds
  Import took 0.238143 seconds .

========================================================================
Received Import Request.
  Time since last request: 3.589294 seconds.
  path: Assets/YTaxi/Scripts/Bot/mediumRound.prefab
  artifactKey: Guid(fee26b2ee709bd5488b3d67395f1a0e0) Importer(815301076,1909f56bfc062723c751e8b465ee728b)
Start importing Assets/YTaxi/Scripts/Bot/mediumRound.prefab using Guid(fee26b2ee709bd5488b3d67395f1a0e0) Importer(815301076,1909f56bfc062723c751e8b465ee728b)  -> (artifact id: '18b2aebdb0a507bb718c7d4bc9fdc0db') in 0.020176 seconds
  Import took 0.027722 seconds .

========================================================================
Received Import Request.
  Time since last request: 46.247416 seconds.
  path: Assets/YTaxi/Scripts/Bot/ZLike.prefab
  artifactKey: Guid(29cb210a8080edc45a7d2c98df7d4406) Importer(815301076,1909f56bfc062723c751e8b465ee728b)
Start importing Assets/YTaxi/Scripts/Bot/ZLike.prefab using Guid(29cb210a8080edc45a7d2c98df7d4406) Importer(815301076,1909f56bfc062723c751e8b465ee728b)  -> (artifact id: '3194b4eb539ca0703ebb621a9e7150c9') in 0.017594 seconds
  Import took 0.024206 seconds .

========================================================================
Received Prepare
Registering precompiled user dll's ...
Registered in 0.010782 seconds.
Begin MonoManager ReloadAssembly
Native extension for WindowsStandalone target not found
Native extension for OSXStandalone target not found
Native extension for WebGL target not found
Refreshing native plugins compatible for Editor in 1.17 ms, found 2 plugins.
Preloading 0 native plugins for Editor in 0.00 ms.
Mono: successfully reloaded assembly
- Completed reload, in  1.717 seconds
Platform modules already initialized, skipping
Switching build target platform(19) subTarget(0) extendedPlatform(0) -> platform(13) subTarget(537395205) extendedPlatform(0)
Shader 'Universal Render Pipeline/Particles/Lit': fallback shader 'Universal Render Pipeline/Particles/SimpleLit' not found
Shader 'Universal Render Pipeline/Particles/Lit': fallback shader 'Universal Render Pipeline/Particles/SimpleLit' not found
Refreshing native plugins compatible for Editor in 0.82 ms, found 2 plugins.
Preloading 0 native plugins for Editor in 0.00 ms.
Unloading 3177 Unused Serialized files (Serialized files now loaded: 0)
System memory in use before: 142.5 MB.
System memory in use after: 140.6 MB.

Unloading 46 unused Assets to reduce memory usage. Loaded Objects now: 3882.
Total: 6.392100 ms (FindLiveObjects: 0.545200 ms CreateObjectMapping: 0.143200 ms MarkObjects: 3.902100 ms  DeleteObjects: 1.799700 ms)

AssetImportParameters requested are different than current active one (requested -> active):
  custom:graphics/normal-map-encoding: 01000000000000000000000000000000 -> 02000000000000000000000000000000
========================================================================
Received Import Request.
  Time since last request: 5.732047 seconds.
  path: Assets/YTaxi/Scripts/Bot/New Game Object.prefab
  artifactKey: Guid(1a32c448f9185fa41802ac489c13cba6) Importer(815301076,1909f56bfc062723c751e8b465ee728b)
Start importing Assets/YTaxi/Scripts/Bot/New Game Object.prefab using Guid(1a32c448f9185fa41802ac489c13cba6) Importer(815301076,1909f56bfc062723c751e8b465ee728b)  -> (artifact id: '49523a0adc1413a2e4ac15ef40d36014') in 0.268051 seconds
  Import took 0.275597 seconds .

========================================================================
Received Import Request.
  Time since last request: 8.226967 seconds.
  path: Assets/YTaxi/Scripts/Bot/Zlike.prefab
  artifactKey: Guid(1a32c448f9185fa41802ac489c13cba6) Importer(815301076,1909f56bfc062723c751e8b465ee728b)
Start importing Assets/YTaxi/Scripts/Bot/Zlike.prefab using Guid(1a32c448f9185fa41802ac489c13cba6) Importer(815301076,1909f56bfc062723c751e8b465ee728b)  -> (artifact id: 'cca6200b7c6b2739f3594d4b08445a1f') in 0.022154 seconds
  Import took 0.030829 seconds .

========================================================================
Received Import Request.
  Time since last request: 7.607914 seconds.
  path: Assets/YTaxi/Scripts/Bot/smallRound.prefab
  artifactKey: Guid(de594bddde9d7724492541f94af01801) Importer(815301076,1909f56bfc062723c751e8b465ee728b)
Start importing Assets/YTaxi/Scripts/Bot/smallRound.prefab using Guid(de594bddde9d7724492541f94af01801) Importer(815301076,1909f56bfc062723c751e8b465ee728b)  -> (artifact id: '5b1f5fecc2d2b3a8349e6c550d686dfe') in 0.015265 seconds
  Import took 0.022011 seconds .

========================================================================
Received Import Request.
  Time since last request: 0.002626 seconds.
  path: Assets/YTaxi/Scripts/Bot/smallRound.prefab
  artifactKey: Guid(de594bddde9d7724492541f94af01801) Importer(815301076,1909f56bfc062723c751e8b465ee728b)
Start importing Assets/YTaxi/Scripts/Bot/smallRound.prefab using Guid(de594bddde9d7724492541f94af01801) Importer(815301076,1909f56bfc062723c751e8b465ee728b)  -> (artifact id: '5b1f5fecc2d2b3a8349e6c550d686dfe') in 0.013336 seconds
  Import took 0.019747 seconds .

========================================================================
Received Import Request.
  Time since last request: 1.691297 seconds.
  path: Assets/YTaxi/Scripts/Bot/Square.prefab
  artifactKey: Guid(63a5cd284ec088747abea4c61c826544) Importer(815301076,1909f56bfc062723c751e8b465ee728b)
Start importing Assets/YTaxi/Scripts/Bot/Square.prefab using Guid(63a5cd284ec088747abea4c61c826544) Importer(815301076,1909f56bfc062723c751e8b465ee728b)  -> (artifact id: '01fe8d9621f74681595c8d51362a0b62') in 0.018890 seconds
  Import took 0.026128 seconds .

========================================================================
Received Import Request.
  Time since last request: 7.916656 seconds.
  path: Assets/YTaxi/Scenes/Level2.unity
  artifactKey: Guid(c405996b719d1f142855387a2a1854c4) Importer(815301076,1909f56bfc062723c751e8b465ee728b)
Start importing Assets/YTaxi/Scenes/Level2.unity using Guid(c405996b719d1f142855387a2a1854c4) Importer(815301076,1909f56bfc062723c751e8b465ee728b)  -> (artifact id: '768967aabdaff9ec4373346901868458') in 0.004576 seconds
  Import took 0.011469 seconds .

========================================================================
Received Import Request.
  Time since last request: 57.966968 seconds.
  path: Assets/YTaxi/Scripts/Bot/triangle.prefab
  artifactKey: Guid(52c3ead038faa384da3fde51261f9225) Importer(815301076,1909f56bfc062723c751e8b465ee728b)
Start importing Assets/YTaxi/Scripts/Bot/triangle.prefab using Guid(52c3ead038faa384da3fde51261f9225) Importer(815301076,1909f56bfc062723c751e8b465ee728b)  -> (artifact id: '5f4bd00c7892a93c5cae4f5509255a2e') in 0.019586 seconds
  Import took 0.026851 seconds .

========================================================================
Received Prepare
Registering precompiled user dll's ...
Registered in 0.007464 seconds.
Begin MonoManager ReloadAssembly
Native extension for WindowsStandalone target not found
Native extension for OSXStandalone target not found
Native extension for WebGL target not found
Refreshing native plugins compatible for Editor in 0.83 ms, found 2 plugins.
Preloading 0 native plugins for Editor in 0.00 ms.
Mono: successfully reloaded assembly
- Completed reload, in  1.809 seconds
Platform modules already initialized, skipping
Switching build target platform(19) subTarget(0) extendedPlatform(0) -> platform(13) subTarget(537395205) extendedPlatform(0)
Shader 'Universal Render Pipeline/Particles/Lit': fallback shader 'Universal Render Pipeline/Particles/SimpleLit' not found
Shader 'Universal Render Pipeline/Particles/Lit': fallback shader 'Universal Render Pipeline/Particles/SimpleLit' not found
Refreshing native plugins compatible for Editor in 0.88 ms, found 2 plugins.
Preloading 0 native plugins for Editor in 0.00 ms.
Unloading 3177 Unused Serialized files (Serialized files now loaded: 0)
System memory in use before: 142.8 MB.
System memory in use after: 140.9 MB.

Unloading 46 unused Assets to reduce memory usage. Loaded Objects now: 3921.
Total: 5.558500 ms (FindLiveObjects: 0.450600 ms CreateObjectMapping: 0.126300 ms MarkObjects: 3.359000 ms  DeleteObjects: 1.620100 ms)

AssetImportParameters requested are different than current active one (requested -> active):
  custom:graphics/normal-map-encoding: 01000000000000000000000000000000 -> 02000000000000000000000000000000
========================================================================
Received Import Request.
  Time since last request: 4.739859 seconds.
  path: Assets/YTaxi/Scripts/Bot/New Game Object.prefab
  artifactKey: Guid(26ec27de1c81ee842a989e2f2ea44ac3) Importer(815301076,1909f56bfc062723c751e8b465ee728b)
Start importing Assets/YTaxi/Scripts/Bot/New Game Object.prefab using Guid(26ec27de1c81ee842a989e2f2ea44ac3) Importer(815301076,1909f56bfc062723c751e8b465ee728b)  -> (artifact id: '951888505c04edf65d6c4783d5b46d69') in 0.238000 seconds
  Import took 0.245029 seconds .

========================================================================
Received Import Request.
  Time since last request: 5.247485 seconds.
  path: Assets/YTaxi/Scripts/Bot/triangle.prefab
  artifactKey: Guid(26ec27de1c81ee842a989e2f2ea44ac3) Importer(815301076,1909f56bfc062723c751e8b465ee728b)
Start importing Assets/YTaxi/Scripts/Bot/triangle.prefab using Guid(26ec27de1c81ee842a989e2f2ea44ac3) Importer(815301076,1909f56bfc062723c751e8b465ee728b)  -> (artifact id: 'e03dd5c91959e2bb4fd0790f70c5ce9c') in 0.025095 seconds
  Import took 0.032546 seconds .

========================================================================
Received Import Request.
  Time since last request: 18.627194 seconds.
  path: Assets/YTaxi/Scenes/Level3.unity
  artifactKey: Guid(56cc2823d587bcd4c9a368200cab026a) Importer(815301076,1909f56bfc062723c751e8b465ee728b)
Start importing Assets/YTaxi/Scenes/Level3.unity using Guid(56cc2823d587bcd4c9a368200cab026a) Importer(815301076,1909f56bfc062723c751e8b465ee728b)  -> (artifact id: '1eeeb71534711a042b826d9a8c4b04bc') in 0.004051 seconds
  Import took 0.010982 seconds .

========================================================================
Received Import Request.
  Time since last request: 18.560160 seconds.
  path: Assets/YTaxi/Scenes/Level2.unity
  artifactKey: Guid(c405996b719d1f142855387a2a1854c4) Importer(815301076,1909f56bfc062723c751e8b465ee728b)
Start importing Assets/YTaxi/Scenes/Level2.unity using Guid(c405996b719d1f142855387a2a1854c4) Importer(815301076,1909f56bfc062723c751e8b465ee728b)  -> (artifact id: '00f6bb58de309f68d835acee0eefe281') in 0.004443 seconds
  Import took 0.011495 seconds .

========================================================================
Received Import Request.
  Time since last request: 6.462381 seconds.
  path: Assets/YTaxi/Scenes/Level1.unity
  artifactKey: Guid(48c167eebd6c77f468d3d716fb33d29e) Importer(815301076,1909f56bfc062723c751e8b465ee728b)
Start importing Assets/YTaxi/Scenes/Level1.unity using Guid(48c167eebd6c77f468d3d716fb33d29e) Importer(815301076,1909f56bfc062723c751e8b465ee728b)  -> (artifact id: '7e8bb1fda81f41bb7230450f2b3d2911') in 0.004050 seconds
  Import took 0.010857 seconds .

========================================================================
Received Import Request.
  Time since last request: 17.062341 seconds.
  path: Assets/YTaxi/Scenes/Level4.unity
  artifactKey: Guid(9427bda5a07e92a46853f0d9cb6f9fa9) Importer(815301076,1909f56bfc062723c751e8b465ee728b)
Start importing Assets/YTaxi/Scenes/Level4.unity using Guid(9427bda5a07e92a46853f0d9cb6f9fa9) Importer(815301076,1909f56bfc062723c751e8b465ee728b)  -> (artifact id: '3b38697887b1365b9102869973bb59b8') in 0.004339 seconds
  Import took 0.010990 seconds .

========================================================================
Received Import Request.
  Time since last request: 23.204334 seconds.
  path: Assets/YTaxi/Scenes/Level5.unity
  artifactKey: Guid(e7ac4999fc6f2144ab277f05bccd47a3) Importer(815301076,1909f56bfc062723c751e8b465ee728b)
Start importing Assets/YTaxi/Scenes/Level5.unity using Guid(e7ac4999fc6f2144ab277f05bccd47a3) Importer(815301076,1909f56bfc062723c751e8b465ee728b)  -> (artifact id: '537e1ffb5ea45a6921b30bfa6917a986') in 0.004173 seconds
  Import took 0.010750 seconds .

========================================================================
Received Import Request.
  Time since last request: 63.787270 seconds.
  path: Assets/YTaxi/Scenes/Level6.unity
  artifactKey: Guid(a157379f5e5509049a978620d9b08206) Importer(815301076,1909f56bfc062723c751e8b465ee728b)
Start importing Assets/YTaxi/Scenes/Level6.unity using Guid(a157379f5e5509049a978620d9b08206) Importer(815301076,1909f56bfc062723c751e8b465ee728b)  -> (artifact id: '48d085bfe170f05f9ff6a83927803f31') in 0.003756 seconds
  Import took 0.011179 seconds .

========================================================================
Received Import Request.
  Time since last request: 31.989588 seconds.
  path: Assets/YTaxi/Scripts/Bot/Straight.prefab
  artifactKey: Guid(7bdcd5d26f466d2419281faf271fa37f) Importer(815301076,1909f56bfc062723c751e8b465ee728b)
Start importing Assets/YTaxi/Scripts/Bot/Straight.prefab using Guid(7bdcd5d26f466d2419281faf271fa37f) Importer(815301076,1909f56bfc062723c751e8b465ee728b)  -> (artifact id: '6a508f59b2cd4e4646223fa3c3c32128') in 0.016812 seconds
  Import took 0.023431 seconds .

========================================================================
Received Prepare
Registering precompiled user dll's ...
Registered in 0.009364 seconds.
Begin MonoManager ReloadAssembly
Native extension for WindowsStandalone target not found
Native extension for OSXStandalone target not found
Native extension for WebGL target not found
Refreshing native plugins compatible for Editor in 0.76 ms, found 2 plugins.
Preloading 0 native plugins for Editor in 0.00 ms.
Mono: successfully reloaded assembly
- Completed reload, in  1.731 seconds
Platform modules already initialized, skipping
Switching build target platform(19) subTarget(0) extendedPlatform(0) -> platform(13) subTarget(537395205) extendedPlatform(0)
Shader 'Universal Render Pipeline/Particles/Lit': fallback shader 'Universal Render Pipeline/Particles/SimpleLit' not found
Shader 'Universal Render Pipeline/Particles/Lit': fallback shader 'Universal Render Pipeline/Particles/SimpleLit' not found
Refreshing native plugins compatible for Editor in 0.78 ms, found 2 plugins.
Preloading 0 native plugins for Editor in 0.00 ms.
Unloading 3177 Unused Serialized files (Serialized files now loaded: 0)
System memory in use before: 143.0 MB.
System memory in use after: 141.1 MB.

Unloading 46 unused Assets to reduce memory usage. Loaded Objects now: 3960.
Total: 6.578800 ms (FindLiveObjects: 0.479700 ms CreateObjectMapping: 0.120100 ms MarkObjects: 4.204500 ms  DeleteObjects: 1.772300 ms)

AssetImportParameters requested are different than current active one (requested -> active):
  custom:graphics/normal-map-encoding: 01000000000000000000000000000000 -> 02000000000000000000000000000000
========================================================================
Received Import Request.
  Time since last request: 10.748818 seconds.
  path: Assets/YTaxi/Scenes/Level0.unity
  artifactKey: Guid(dba6a0ddaf2d4c848af1e292f52bc775) Importer(815301076,1909f56bfc062723c751e8b465ee728b)
Start importing Assets/YTaxi/Scenes/Level0.unity using Guid(dba6a0ddaf2d4c848af1e292f52bc775) Importer(815301076,1909f56bfc062723c751e8b465ee728b)  -> (artifact id: '91c8b91b727aef99240778f203cf4483') in 0.022863 seconds
  Import took 0.028972 seconds .

========================================================================
Received Prepare
Registering precompiled user dll's ...
Registered in 0.006925 seconds.
Begin MonoManager ReloadAssembly
Native extension for WindowsStandalone target not found
Native extension for OSXStandalone target not found
Native extension for WebGL target not found
Refreshing native plugins compatible for Editor in 1.53 ms, found 2 plugins.
Preloading 0 native plugins for Editor in 0.00 ms.
Mono: successfully reloaded assembly
- Completed reload, in  2.177 seconds
Platform modules already initialized, skipping
Switching build target platform(19) subTarget(0) extendedPlatform(0) -> platform(13) subTarget(537395205) extendedPlatform(0)
Shader 'Universal Render Pipeline/Particles/Lit': fallback shader 'Universal Render Pipeline/Particles/SimpleLit' not found
Shader 'Universal Render Pipeline/Particles/Lit': fallback shader 'Universal Render Pipeline/Particles/SimpleLit' not found
Refreshing native plugins compatible for Editor in 1.02 ms, found 2 plugins.
Preloading 0 native plugins for Editor in 0.00 ms.
Unloading 3177 Unused Serialized files (Serialized files now loaded: 0)
System memory in use before: 143.0 MB.
System memory in use after: 141.1 MB.

Unloading 46 unused Assets to reduce memory usage. Loaded Objects now: 3963.
Total: 6.657500 ms (FindLiveObjects: 0.476300 ms CreateObjectMapping: 0.167200 ms MarkObjects: 4.288600 ms  DeleteObjects: 1.723000 ms)

AssetImportParameters requested are different than current active one (requested -> active):
  custom:graphics/normal-map-encoding: 01000000000000000000000000000000 -> 02000000000000000000000000000000
========================================================================
Received Prepare
Registering precompiled user dll's ...
Registered in 0.007780 seconds.
Begin MonoManager ReloadAssembly
Native extension for WindowsStandalone target not found
Native extension for OSXStandalone target not found
Native extension for WebGL target not found
Refreshing native plugins compatible for Editor in 0.79 ms, found 2 plugins.
Preloading 0 native plugins for Editor in 0.00 ms.
Mono: successfully reloaded assembly
- Completed reload, in  1.759 seconds
Platform modules already initialized, skipping
Switching build target platform(19) subTarget(0) extendedPlatform(0) -> platform(13) subTarget(537395205) extendedPlatform(0)
Shader 'Universal Render Pipeline/Particles/Lit': fallback shader 'Universal Render Pipeline/Particles/SimpleLit' not found
Shader 'Universal Render Pipeline/Particles/Lit': fallback shader 'Universal Render Pipeline/Particles/SimpleLit' not found
Refreshing native plugins compatible for Editor in 0.93 ms, found 2 plugins.
Preloading 0 native plugins for Editor in 0.00 ms.
Unloading 3177 Unused Serialized files (Serialized files now loaded: 0)
System memory in use before: 143.1 MB.
System memory in use after: 141.1 MB.

Unloading 46 unused Assets to reduce memory usage. Loaded Objects now: 3966.
Total: 5.899400 ms (FindLiveObjects: 0.456900 ms CreateObjectMapping: 0.131700 ms MarkObjects: 3.679600 ms  DeleteObjects: 1.629300 ms)

AssetImportParameters requested are different than current active one (requested -> active):
  custom:graphics/normal-map-encoding: 01000000000000000000000000000000 -> 02000000000000000000000000000000
========================================================================
Received Import Request.
  Time since last request: 231.193753 seconds.
  path: Assets/YTaxi/Scenes/Level5.unity
  artifactKey: Guid(e7ac4999fc6f2144ab277f05bccd47a3) Importer(815301076,1909f56bfc062723c751e8b465ee728b)
Start importing Assets/YTaxi/Scenes/Level5.unity using Guid(e7ac4999fc6f2144ab277f05bccd47a3) Importer(815301076,1909f56bfc062723c751e8b465ee728b)  -> (artifact id: 'c0dfdf8cd183f463158763c587e0f5ef') in 0.022473 seconds
  Import took 0.029798 seconds .

========================================================================
Received Import Request.
  Time since last request: 0.001510 seconds.
  path: Assets/YTaxi/Scenes/Level5.unity
  artifactKey: Guid(e7ac4999fc6f2144ab277f05bccd47a3) Importer(815301076,1909f56bfc062723c751e8b465ee728b)
Start importing Assets/YTaxi/Scenes/Level5.unity using Guid(e7ac4999fc6f2144ab277f05bccd47a3) Importer(815301076,1909f56bfc062723c751e8b465ee728b)  -> (artifact id: 'c0dfdf8cd183f463158763c587e0f5ef') in 0.004158 seconds
  Import took 0.009693 seconds .

========================================================================
Received Prepare
Registering precompiled user dll's ...
Registered in 0.008002 seconds.
Begin MonoManager ReloadAssembly
Native extension for WindowsStandalone target not found
Native extension for OSXStandalone target not found
Native extension for WebGL target not found
Refreshing native plugins compatible for Editor in 0.79 ms, found 2 plugins.
Preloading 0 native plugins for Editor in 0.00 ms.
Mono: successfully reloaded assembly
- Completed reload, in  1.741 seconds
Platform modules already initialized, skipping
Switching build target platform(19) subTarget(0) extendedPlatform(0) -> platform(13) subTarget(537395205) extendedPlatform(0)
Shader 'Universal Render Pipeline/Particles/Lit': fallback shader 'Universal Render Pipeline/Particles/SimpleLit' not found
Shader 'Universal Render Pipeline/Particles/Lit': fallback shader 'Universal Render Pipeline/Particles/SimpleLit' not found
Refreshing native plugins compatible for Editor in 0.86 ms, found 2 plugins.
Preloading 0 native plugins for Editor in 0.00 ms.
Unloading 3177 Unused Serialized files (Serialized files now loaded: 0)
System memory in use before: 143.1 MB.
System memory in use after: 141.1 MB.

Unloading 46 unused Assets to reduce memory usage. Loaded Objects now: 3969.
Total: 5.613700 ms (FindLiveObjects: 0.431600 ms CreateObjectMapping: 0.110400 ms MarkObjects: 3.446800 ms  DeleteObjects: 1.623000 ms)

AssetImportParameters requested are different than current active one (requested -> active):
  custom:graphics/normal-map-encoding: 01000000000000000000000000000000 -> 02000000000000000000000000000000
========================================================================
Received Prepare
Registering precompiled user dll's ...
Registered in 0.007491 seconds.
Begin MonoManager ReloadAssembly
Native extension for WindowsStandalone target not found
Native extension for OSXStandalone target not found
Native extension for WebGL target not found
Refreshing native plugins compatible for Editor in 1.58 ms, found 2 plugins.
Preloading 0 native plugins for Editor in 0.00 ms.
Mono: successfully reloaded assembly
- Completed reload, in  2.080 seconds
Platform modules already initialized, skipping
Switching build target platform(19) subTarget(0) extendedPlatform(0) -> platform(13) subTarget(537395205) extendedPlatform(0)
Shader 'Universal Render Pipeline/Particles/Lit': fallback shader 'Universal Render Pipeline/Particles/SimpleLit' not found
Shader 'Universal Render Pipeline/Particles/Lit': fallback shader 'Universal Render Pipeline/Particles/SimpleLit' not found
Refreshing native plugins compatible for Editor in 1.07 ms, found 2 plugins.
Preloading 0 native plugins for Editor in 0.00 ms.
Unloading 3177 Unused Serialized files (Serialized files now loaded: 0)
System memory in use before: 143.1 MB.
System memory in use after: 141.1 MB.

Unloading 46 unused Assets to reduce memory usage. Loaded Objects now: 3972.
Total: 5.904400 ms (FindLiveObjects: 0.524900 ms CreateObjectMapping: 0.127500 ms MarkObjects: 3.659700 ms  DeleteObjects: 1.590200 ms)

AssetImportParameters requested are different than current active one (requested -> active):
  custom:graphics/normal-map-encoding: 01000000000000000000000000000000 -> 02000000000000000000000000000000
