Using pre-set license
Built from '2020.3/staging' branch; Version is '2020.3.11f1 (99c7afb366b3) revision 10078127'; Using compiler version '192528614'; Build Type 'Release'
OS: 'Windows 10 Education; OS build 19041.1348; Version 2004; 64bit' Language: 'ru' Physical Memory: 15805 MB
BatchMode: 1, IsHumanControllingUs: 0, StartBugReporterOnCrash: 0, Is64bit: 1, IsPro: 0

 COMMAND LINE ARGUMENTS:
C:\Program Files\Unity\Hub\Editor\2020.3.11f1\Editor\Unity.exe
-adb2
-batchMode
-noUpm
-name
AssetImportWorker0
-projectPath
C:/Users/Nintoryan/Documents/GitHub/YTaxi
-logFile
Logs/AssetImportWorker0.log
-srvPort
59909
Successfully changed project path to: C:/Users/Nintoryan/Documents/GitHub/YTaxi
C:/Users/Nintoryan/Documents/GitHub/YTaxi
Using Asset Import Pipeline V2.
Refreshing native plugins compatible for Editor in 90.14 ms, found 2 plugins.
Preloading 0 native plugins for Editor in 0.00 ms.
Initialize engine version: 2020.3.11f1 (99c7afb366b3)
[Subsystems] Discovering subsystems at path C:/Program Files/Unity/Hub/Editor/2020.3.11f1/Editor/Data/Resources/UnitySubsystems
[Subsystems] Discovering subsystems at path C:/Users/Nintoryan/Documents/GitHub/YTaxi/Assets
GfxDevice: creating device client; threaded=0
Direct3D:
    Version:  Direct3D 11.0 [level 11.1]
    Renderer: NVIDIA GeForce GTX 1650 (ID=0x1f91)
    Vendor:   
    VRAM:     3962 MB
    Driver:   27.21.14.5206
Initialize mono
Mono path[0] = 'C:/Program Files/Unity/Hub/Editor/2020.3.11f1/Editor/Data/Managed'
Mono path[1] = 'C:/Program Files/Unity/Hub/Editor/2020.3.11f1/Editor/Data/MonoBleedingEdge/lib/mono/unityjit'
Mono config path = 'C:/Program Files/Unity/Hub/Editor/2020.3.11f1/Editor/Data/MonoBleedingEdge/etc'
Using monoOptions --debugger-agent=transport=dt_socket,embedding=1,server=y,suspend=n,address=127.0.0.1:56300
Begin MonoManager ReloadAssembly
Registering precompiled unity dll's ...
Register platform support module: C:/Program Files/Unity/Hub/Editor/2020.3.11f1/Editor/Data/PlaybackEngines/WebGLSupport/UnityEditor.WebGL.Extensions.dll
Register platform support module: C:/Program Files/Unity/Hub/Editor/2020.3.11f1/Editor/Data/PlaybackEngines/MacStandaloneSupport/UnityEditor.OSXStandalone.Extensions.dll
Register platform support module: C:/Program Files/Unity/Hub/Editor/2020.3.11f1/Editor/Data/PlaybackEngines/WindowsStandaloneSupport/UnityEditor.WindowsStandalone.Extensions.dll
Registered in 0.003831 seconds.
Native extension for WindowsStandalone target not found
Native extension for OSXStandalone target not found
Native extension for WebGL target not found
Refreshing native plugins compatible for Editor in 81.33 ms, found 2 plugins.
Preloading 0 native plugins for Editor in 0.00 ms.
Mono: successfully reloaded assembly
- Completed reload, in  3.762 seconds
Platform modules already initialized, skipping
Registering precompiled user dll's ...
Registered in 0.008661 seconds.
Begin MonoManager ReloadAssembly
Native extension for WindowsStandalone target not found
Native extension for OSXStandalone target not found
Native extension for WebGL target not found
Refreshing native plugins compatible for Editor in 82.37 ms, found 2 plugins.
Preloading 0 native plugins for Editor in 0.00 ms.
Mono: successfully reloaded assembly
- Completed reload, in  1.695 seconds
Platform modules already initialized, skipping
========================================================================
Worker process is ready to serve import requests
Shader 'Universal Render Pipeline/Particles/Lit': fallback shader 'Universal Render Pipeline/Particles/SimpleLit' not found
Shader 'Universal Render Pipeline/Particles/Lit': fallback shader 'Universal Render Pipeline/Particles/SimpleLit' not found
Launched and connected shader compiler UnityShaderCompiler.exe after 0.07 seconds
Refreshing native plugins compatible for Editor in 0.89 ms, found 2 plugins.
Preloading 0 native plugins for Editor in 0.00 ms.
Unloading 3280 Unused Serialized files (Serialized files now loaded: 0)
System memory in use before: 142.9 MB.
System memory in use after: 140.8 MB.

Unloading 53 unused Assets to reduce memory usage. Loaded Objects now: 3693.
Total: 4.974200 ms (FindLiveObjects: 0.542400 ms CreateObjectMapping: 0.140900 ms MarkObjects: 2.976500 ms  DeleteObjects: 1.312300 ms)

========================================================================
Received Import Request.
  path: Assets/MinigamesCommon/MiniGameInitializer.cs
  artifactKey: Guid(052c29d3b88bac14b8f8c747c281a160) Importer(815301076,1909f56bfc062723c751e8b465ee728b)
Start importing Assets/MinigamesCommon/MiniGameInitializer.cs using Guid(052c29d3b88bac14b8f8c747c281a160) Importer(815301076,1909f56bfc062723c751e8b465ee728b)  -> (artifact id: 'ace9e6d701818a4bd50d3811a85f14cd') in 0.034318 seconds
  Import took 0.041364 seconds .

========================================================================
Received Prepare
Registering precompiled user dll's ...
Registered in 0.007189 seconds.
Begin MonoManager ReloadAssembly
Native extension for WindowsStandalone target not found
Native extension for OSXStandalone target not found
Native extension for WebGL target not found
Refreshing native plugins compatible for Editor in 0.73 ms, found 2 plugins.
Preloading 0 native plugins for Editor in 0.00 ms.
Mono: successfully reloaded assembly
- Completed reload, in  1.595 seconds
Platform modules already initialized, skipping
Switching build target platform(19) subTarget(0) extendedPlatform(0) -> platform(13) subTarget(537395333) extendedPlatform(0)
Shader 'Universal Render Pipeline/Particles/Lit': fallback shader 'Universal Render Pipeline/Particles/SimpleLit' not found
Shader 'Universal Render Pipeline/Particles/Lit': fallback shader 'Universal Render Pipeline/Particles/SimpleLit' not found
Refreshing native plugins compatible for Editor in 0.72 ms, found 2 plugins.
Preloading 0 native plugins for Editor in 0.00 ms.
Unloading 3185 Unused Serialized files (Serialized files now loaded: 0)
System memory in use before: 136.3 MB.
System memory in use after: 134.3 MB.

Unloading 46 unused Assets to reduce memory usage. Loaded Objects now: 3696.
Total: 6.105500 ms (FindLiveObjects: 0.432100 ms CreateObjectMapping: 0.137600 ms MarkObjects: 3.765200 ms  DeleteObjects: 1.768300 ms)

AssetImportParameters requested are different than current active one (requested -> active):
  custom:graphics/normal-map-encoding: 01000000000000000000000000000000 -> 02000000000000000000000000000000
========================================================================
Received Import Request.
  Time since last request: 100.156373 seconds.
  path: Assets/MinigamesCommon/MIniGameOnQuestComplete.cs
  artifactKey: Guid(a5e8442e7c7a81a45b4fc000853f91ad) Importer(815301076,1909f56bfc062723c751e8b465ee728b)
Start importing Assets/MinigamesCommon/MIniGameOnQuestComplete.cs using Guid(a5e8442e7c7a81a45b4fc000853f91ad) Importer(815301076,1909f56bfc062723c751e8b465ee728b)  -> (artifact id: '09d099e4bf638c5e7362de0ef9feb6d9') in 0.009054 seconds
  Import took 0.016672 seconds .

========================================================================
Received Prepare
Registering precompiled user dll's ...
Registered in 0.006903 seconds.
Begin MonoManager ReloadAssembly
Native extension for WindowsStandalone target not found
Native extension for OSXStandalone target not found
Native extension for WebGL target not found
Refreshing native plugins compatible for Editor in 1.03 ms, found 2 plugins.
Preloading 0 native plugins for Editor in 0.00 ms.
Mono: successfully reloaded assembly
- Completed reload, in  1.701 seconds
Platform modules already initialized, skipping
Switching build target platform(19) subTarget(0) extendedPlatform(0) -> platform(13) subTarget(537395333) extendedPlatform(0)
Shader 'Universal Render Pipeline/Particles/Lit': fallback shader 'Universal Render Pipeline/Particles/SimpleLit' not found
Shader 'Universal Render Pipeline/Particles/Lit': fallback shader 'Universal Render Pipeline/Particles/SimpleLit' not found
Refreshing native plugins compatible for Editor in 0.75 ms, found 2 plugins.
Preloading 0 native plugins for Editor in 0.00 ms.
Unloading 3186 Unused Serialized files (Serialized files now loaded: 0)
System memory in use before: 136.4 MB.
System memory in use after: 134.4 MB.

Unloading 46 unused Assets to reduce memory usage. Loaded Objects now: 3700.
Total: 6.008200 ms (FindLiveObjects: 0.560200 ms CreateObjectMapping: 0.219000 ms MarkObjects: 3.590200 ms  DeleteObjects: 1.634800 ms)

AssetImportParameters requested are different than current active one (requested -> active):
  custom:graphics/normal-map-encoding: 01000000000000000000000000000000 -> 02000000000000000000000000000000
========================================================================
Received Import Request.
  Time since last request: 77.409610 seconds.
  path: Assets/MinigamesCommon/MiniGameOnQuestComplete.cs
  artifactKey: Guid(a5e8442e7c7a81a45b4fc000853f91ad) Importer(815301076,1909f56bfc062723c751e8b465ee728b)
Start importing Assets/MinigamesCommon/MiniGameOnQuestComplete.cs using Guid(a5e8442e7c7a81a45b4fc000853f91ad) Importer(815301076,1909f56bfc062723c751e8b465ee728b)  -> (artifact id: '923fb18c74c2b487def23424bf18abbc') in 0.008910 seconds
  Import took 0.015961 seconds .

========================================================================
Received Prepare
Registering precompiled user dll's ...
Registered in 0.006666 seconds.
Begin MonoManager ReloadAssembly
Native extension for WindowsStandalone target not found
Native extension for OSXStandalone target not found
Native extension for WebGL target not found
Refreshing native plugins compatible for Editor in 0.90 ms, found 2 plugins.
Preloading 0 native plugins for Editor in 0.00 ms.
Mono: successfully reloaded assembly
- Completed reload, in  1.547 seconds
Platform modules already initialized, skipping
Switching build target platform(19) subTarget(0) extendedPlatform(0) -> platform(13) subTarget(537395333) extendedPlatform(0)
Shader 'Universal Render Pipeline/Particles/Lit': fallback shader 'Universal Render Pipeline/Particles/SimpleLit' not found
Shader 'Universal Render Pipeline/Particles/Lit': fallback shader 'Universal Render Pipeline/Particles/SimpleLit' not found
Refreshing native plugins compatible for Editor in 0.90 ms, found 2 plugins.
Preloading 0 native plugins for Editor in 0.00 ms.
Unloading 3186 Unused Serialized files (Serialized files now loaded: 0)
System memory in use before: 136.4 MB.
System memory in use after: 134.4 MB.

Unloading 46 unused Assets to reduce memory usage. Loaded Objects now: 3703.
Total: 6.091100 ms (FindLiveObjects: 0.423600 ms CreateObjectMapping: 0.122200 ms MarkObjects: 3.631800 ms  DeleteObjects: 1.911400 ms)

AssetImportParameters requested are different than current active one (requested -> active):
  custom:graphics/normal-map-encoding: 01000000000000000000000000000000 -> 02000000000000000000000000000000
========================================================================
Received Import Request.
  Time since last request: 149.433328 seconds.
  path: Assets/MinigamesCommon/MiniGameOnQuestComplete.cs
  artifactKey: Guid(a5e8442e7c7a81a45b4fc000853f91ad) Importer(815301076,1909f56bfc062723c751e8b465ee728b)
Start importing Assets/MinigamesCommon/MiniGameOnQuestComplete.cs using Guid(a5e8442e7c7a81a45b4fc000853f91ad) Importer(815301076,1909f56bfc062723c751e8b465ee728b)  -> (artifact id: '9f81b4c4092270d8d29fd53c302a2113') in 0.010496 seconds
  Import took 0.019457 seconds .

========================================================================
Received Prepare
Registering precompiled user dll's ...
Registered in 0.006959 seconds.
Begin MonoManager ReloadAssembly
Native extension for WindowsStandalone target not found
Native extension for OSXStandalone target not found
Native extension for WebGL target not found
Refreshing native plugins compatible for Editor in 0.95 ms, found 2 plugins.
Preloading 0 native plugins for Editor in 0.00 ms.
Mono: successfully reloaded assembly
- Completed reload, in  1.635 seconds
Platform modules already initialized, skipping
Switching build target platform(19) subTarget(0) extendedPlatform(0) -> platform(13) subTarget(537395333) extendedPlatform(0)
Shader 'Universal Render Pipeline/Particles/Lit': fallback shader 'Universal Render Pipeline/Particles/SimpleLit' not found
Shader 'Universal Render Pipeline/Particles/Lit': fallback shader 'Universal Render Pipeline/Particles/SimpleLit' not found
Refreshing native plugins compatible for Editor in 0.94 ms, found 2 plugins.
Preloading 0 native plugins for Editor in 0.00 ms.
Unloading 3186 Unused Serialized files (Serialized files now loaded: 0)
System memory in use before: 136.5 MB.
System memory in use after: 134.4 MB.

Unloading 46 unused Assets to reduce memory usage. Loaded Objects now: 3706.
Total: 5.821000 ms (FindLiveObjects: 0.397200 ms CreateObjectMapping: 0.151800 ms MarkObjects: 3.404400 ms  DeleteObjects: 1.865700 ms)

AssetImportParameters requested are different than current active one (requested -> active):
  custom:graphics/normal-map-encoding: 01000000000000000000000000000000 -> 02000000000000000000000000000000
========================================================================
Received Import Request.
  Time since last request: 9.088532 seconds.
  path: Assets/MinigamesCommon/MiniGameOnQuestComplete.cs
  artifactKey: Guid(a5e8442e7c7a81a45b4fc000853f91ad) Importer(815301076,1909f56bfc062723c751e8b465ee728b)
Start importing Assets/MinigamesCommon/MiniGameOnQuestComplete.cs using Guid(a5e8442e7c7a81a45b4fc000853f91ad) Importer(815301076,1909f56bfc062723c751e8b465ee728b)  -> (artifact id: 'c0798e634ba716ea190f5f01d0128a2c') in 0.010360 seconds
  Import took 0.018166 seconds .

========================================================================
Received Prepare
Registering precompiled user dll's ...
Registered in 0.006850 seconds.
Begin MonoManager ReloadAssembly
Native extension for WindowsStandalone target not found
Native extension for OSXStandalone target not found
Native extension for WebGL target not found
Refreshing native plugins compatible for Editor in 0.91 ms, found 2 plugins.
Preloading 0 native plugins for Editor in 0.00 ms.
Mono: successfully reloaded assembly
- Completed reload, in  1.800 seconds
Platform modules already initialized, skipping
Switching build target platform(19) subTarget(0) extendedPlatform(0) -> platform(13) subTarget(537395333) extendedPlatform(0)
Shader 'Universal Render Pipeline/Particles/Lit': fallback shader 'Universal Render Pipeline/Particles/SimpleLit' not found
Shader 'Universal Render Pipeline/Particles/Lit': fallback shader 'Universal Render Pipeline/Particles/SimpleLit' not found
Refreshing native plugins compatible for Editor in 0.72 ms, found 2 plugins.
Preloading 0 native plugins for Editor in 0.00 ms.
Unloading 3186 Unused Serialized files (Serialized files now loaded: 0)
System memory in use before: 136.5 MB.
System memory in use after: 134.5 MB.

Unloading 46 unused Assets to reduce memory usage. Loaded Objects now: 3709.
Total: 5.543000 ms (FindLiveObjects: 0.668200 ms CreateObjectMapping: 0.287100 ms MarkObjects: 3.031100 ms  DeleteObjects: 1.553600 ms)

AssetImportParameters requested are different than current active one (requested -> active):
  custom:graphics/normal-map-encoding: 01000000000000000000000000000000 -> 02000000000000000000000000000000
========================================================================
Received Prepare
Registering precompiled user dll's ...
Registered in 0.007361 seconds.
Begin MonoManager ReloadAssembly
Native extension for WindowsStandalone target not found
Native extension for OSXStandalone target not found
Native extension for WebGL target not found
Refreshing native plugins compatible for Editor in 0.75 ms, found 2 plugins.
Preloading 0 native plugins for Editor in 0.00 ms.
Mono: successfully reloaded assembly
- Completed reload, in  1.541 seconds
Platform modules already initialized, skipping
Switching build target platform(19) subTarget(0) extendedPlatform(0) -> platform(13) subTarget(537395333) extendedPlatform(0)
Shader 'Universal Render Pipeline/Particles/Lit': fallback shader 'Universal Render Pipeline/Particles/SimpleLit' not found
Shader 'Universal Render Pipeline/Particles/Lit': fallback shader 'Universal Render Pipeline/Particles/SimpleLit' not found
Refreshing native plugins compatible for Editor in 0.79 ms, found 2 plugins.
Preloading 0 native plugins for Editor in 0.00 ms.
Unloading 3186 Unused Serialized files (Serialized files now loaded: 0)
System memory in use before: 136.5 MB.
System memory in use after: 134.5 MB.

Unloading 46 unused Assets to reduce memory usage. Loaded Objects now: 3712.
Total: 5.770700 ms (FindLiveObjects: 0.617000 ms CreateObjectMapping: 0.307100 ms MarkObjects: 3.260200 ms  DeleteObjects: 1.584300 ms)

AssetImportParameters requested are different than current active one (requested -> active):
  custom:graphics/normal-map-encoding: 01000000000000000000000000000000 -> 02000000000000000000000000000000
========================================================================
Received Import Request.
  Time since last request: 12.786138 seconds.
  path: Assets/MinigamesCommon/MiniGameOnQuestComplete.cs
  artifactKey: Guid(a5e8442e7c7a81a45b4fc000853f91ad) Importer(815301076,1909f56bfc062723c751e8b465ee728b)
Start importing Assets/MinigamesCommon/MiniGameOnQuestComplete.cs using Guid(a5e8442e7c7a81a45b4fc000853f91ad) Importer(815301076,1909f56bfc062723c751e8b465ee728b)  -> (artifact id: '40418b32d0714806177aac4a1d2dd7f7') in 0.008131 seconds
  Import took 0.015003 seconds .

========================================================================
Received Prepare
Registering precompiled user dll's ...
Registered in 0.006896 seconds.
Begin MonoManager ReloadAssembly
Native extension for WindowsStandalone target not found
Native extension for OSXStandalone target not found
Native extension for WebGL target not found
Refreshing native plugins compatible for Editor in 0.90 ms, found 2 plugins.
Preloading 0 native plugins for Editor in 0.00 ms.
Mono: successfully reloaded assembly
- Completed reload, in  2.294 seconds
Platform modules already initialized, skipping
Switching build target platform(19) subTarget(0) extendedPlatform(0) -> platform(13) subTarget(537395333) extendedPlatform(0)
Shader 'Universal Render Pipeline/Particles/Lit': fallback shader 'Universal Render Pipeline/Particles/SimpleLit' not found
Shader 'Universal Render Pipeline/Particles/Lit': fallback shader 'Universal Render Pipeline/Particles/SimpleLit' not found
Refreshing native plugins compatible for Editor in 0.76 ms, found 2 plugins.
Preloading 0 native plugins for Editor in 0.00 ms.
Unloading 3186 Unused Serialized files (Serialized files now loaded: 0)
System memory in use before: 136.5 MB.
System memory in use after: 134.5 MB.

Unloading 46 unused Assets to reduce memory usage. Loaded Objects now: 3715.
Total: 5.521100 ms (FindLiveObjects: 0.390100 ms CreateObjectMapping: 0.136200 ms MarkObjects: 3.387400 ms  DeleteObjects: 1.604400 ms)

AssetImportParameters requested are different than current active one (requested -> active):
  custom:graphics/normal-map-encoding: 01000000000000000000000000000000 -> 02000000000000000000000000000000
========================================================================
Received Import Request.
  Time since last request: 26.843655 seconds.
  path: Assets/YTaxi/Scripts/OnQuestComplete.cs
  artifactKey: Guid(a5e8442e7c7a81a45b4fc000853f91ad) Importer(815301076,1909f56bfc062723c751e8b465ee728b)
Start importing Assets/YTaxi/Scripts/OnQuestComplete.cs using Guid(a5e8442e7c7a81a45b4fc000853f91ad) Importer(815301076,1909f56bfc062723c751e8b465ee728b)  -> (artifact id: '40ca4ae2a4e51adcc24ecabee2fa1975') in 0.008634 seconds
  Import took 0.015869 seconds .

========================================================================
Received Prepare
Registering precompiled user dll's ...
Registered in 0.010191 seconds.
Begin MonoManager ReloadAssembly
Native extension for WindowsStandalone target not found
Native extension for OSXStandalone target not found
Native extension for WebGL target not found
Refreshing native plugins compatible for Editor in 0.94 ms, found 2 plugins.
Preloading 0 native plugins for Editor in 0.00 ms.
Mono: successfully reloaded assembly
- Completed reload, in  1.809 seconds
Platform modules already initialized, skipping
Switching build target platform(19) subTarget(0) extendedPlatform(0) -> platform(13) subTarget(537395333) extendedPlatform(0)
Shader 'Universal Render Pipeline/Particles/Lit': fallback shader 'Universal Render Pipeline/Particles/SimpleLit' not found
Shader 'Universal Render Pipeline/Particles/Lit': fallback shader 'Universal Render Pipeline/Particles/SimpleLit' not found
Refreshing native plugins compatible for Editor in 0.72 ms, found 2 plugins.
Preloading 0 native plugins for Editor in 0.00 ms.
Unloading 3186 Unused Serialized files (Serialized files now loaded: 0)
System memory in use before: 136.4 MB.
System memory in use after: 134.5 MB.

Unloading 46 unused Assets to reduce memory usage. Loaded Objects now: 3718.
Total: 6.980400 ms (FindLiveObjects: 0.406600 ms CreateObjectMapping: 0.136800 ms MarkObjects: 4.337100 ms  DeleteObjects: 2.097500 ms)

AssetImportParameters requested are different than current active one (requested -> active):
  custom:graphics/normal-map-encoding: 01000000000000000000000000000000 -> 02000000000000000000000000000000
========================================================================
Received Prepare
Registering precompiled user dll's ...
Registered in 0.006771 seconds.
Begin MonoManager ReloadAssembly
Native extension for WindowsStandalone target not found
Native extension for OSXStandalone target not found
Native extension for WebGL target not found
Refreshing native plugins compatible for Editor in 0.72 ms, found 2 plugins.
Preloading 0 native plugins for Editor in 0.00 ms.
Mono: successfully reloaded assembly
- Completed reload, in  1.581 seconds
Platform modules already initialized, skipping
Switching build target platform(19) subTarget(0) extendedPlatform(0) -> platform(13) subTarget(537395333) extendedPlatform(0)
Shader 'Universal Render Pipeline/Particles/Lit': fallback shader 'Universal Render Pipeline/Particles/SimpleLit' not found
Shader 'Universal Render Pipeline/Particles/Lit': fallback shader 'Universal Render Pipeline/Particles/SimpleLit' not found
Refreshing native plugins compatible for Editor in 0.72 ms, found 2 plugins.
Preloading 0 native plugins for Editor in 0.00 ms.
Unloading 3186 Unused Serialized files (Serialized files now loaded: 0)
System memory in use before: 136.5 MB.
System memory in use after: 134.5 MB.

Unloading 46 unused Assets to reduce memory usage. Loaded Objects now: 3721.
Total: 5.481600 ms (FindLiveObjects: 0.404300 ms CreateObjectMapping: 0.119600 ms MarkObjects: 3.369800 ms  DeleteObjects: 1.586400 ms)

AssetImportParameters requested are different than current active one (requested -> active):
  custom:graphics/normal-map-encoding: 01000000000000000000000000000000 -> 02000000000000000000000000000000
========================================================================
Received Import Request.
  Time since last request: 13.254399 seconds.
  path: Assets/YTaxi/Scripts/OnQuestComplete.cs
  artifactKey: Guid(a5e8442e7c7a81a45b4fc000853f91ad) Importer(815301076,1909f56bfc062723c751e8b465ee728b)
Start importing Assets/YTaxi/Scripts/OnQuestComplete.cs using Guid(a5e8442e7c7a81a45b4fc000853f91ad) Importer(815301076,1909f56bfc062723c751e8b465ee728b)  -> (artifact id: 'd9ea953cfa49ddfd70c2907abca53fd0') in 0.007872 seconds
  Import took 0.014353 seconds .

========================================================================
Received Prepare
Registering precompiled user dll's ...
Registered in 0.008336 seconds.
Begin MonoManager ReloadAssembly
Native extension for WindowsStandalone target not found
Native extension for OSXStandalone target not found
Native extension for WebGL target not found
Refreshing native plugins compatible for Editor in 1.05 ms, found 2 plugins.
Preloading 0 native plugins for Editor in 0.00 ms.
Mono: successfully reloaded assembly
- Completed reload, in  2.313 seconds
Platform modules already initialized, skipping
Switching build target platform(19) subTarget(0) extendedPlatform(0) -> platform(13) subTarget(537395333) extendedPlatform(0)
Shader 'Universal Render Pipeline/Particles/Lit': fallback shader 'Universal Render Pipeline/Particles/SimpleLit' not found
Shader 'Universal Render Pipeline/Particles/Lit': fallback shader 'Universal Render Pipeline/Particles/SimpleLit' not found
Refreshing native plugins compatible for Editor in 1.35 ms, found 2 plugins.
Preloading 0 native plugins for Editor in 0.00 ms.
Unloading 3186 Unused Serialized files (Serialized files now loaded: 0)
System memory in use before: 136.5 MB.
System memory in use after: 134.5 MB.

Unloading 46 unused Assets to reduce memory usage. Loaded Objects now: 3724.
Total: 6.942700 ms (FindLiveObjects: 0.445900 ms CreateObjectMapping: 0.388500 ms MarkObjects: 4.478100 ms  DeleteObjects: 1.627100 ms)

AssetImportParameters requested are different than current active one (requested -> active):
  custom:graphics/normal-map-encoding: 01000000000000000000000000000000 -> 02000000000000000000000000000000
========================================================================
Received Prepare
Registering precompiled user dll's ...
Registered in 0.008463 seconds.
Begin MonoManager ReloadAssembly
Native extension for WindowsStandalone target not found
Native extension for OSXStandalone target not found
Native extension for WebGL target not found
Refreshing native plugins compatible for Editor in 0.73 ms, found 2 plugins.
Preloading 0 native plugins for Editor in 0.00 ms.
Mono: successfully reloaded assembly
- Completed reload, in  1.621 seconds
Platform modules already initialized, skipping
Switching build target platform(19) subTarget(0) extendedPlatform(0) -> platform(13) subTarget(537395333) extendedPlatform(0)
Shader 'Universal Render Pipeline/Particles/Lit': fallback shader 'Universal Render Pipeline/Particles/SimpleLit' not found
Shader 'Universal Render Pipeline/Particles/Lit': fallback shader 'Universal Render Pipeline/Particles/SimpleLit' not found
Refreshing native plugins compatible for Editor in 0.76 ms, found 2 plugins.
Preloading 0 native plugins for Editor in 0.00 ms.
Unloading 3186 Unused Serialized files (Serialized files now loaded: 0)
System memory in use before: 136.5 MB.
System memory in use after: 134.5 MB.

Unloading 46 unused Assets to reduce memory usage. Loaded Objects now: 3727.
Total: 5.061300 ms (FindLiveObjects: 0.435200 ms CreateObjectMapping: 0.145400 ms MarkObjects: 2.866400 ms  DeleteObjects: 1.611900 ms)

AssetImportParameters requested are different than current active one (requested -> active):
  custom:graphics/normal-map-encoding: 01000000000000000000000000000000 -> 02000000000000000000000000000000
========================================================================
Received Prepare
Registering precompiled user dll's ...
Registered in 0.006937 seconds.
Begin MonoManager ReloadAssembly
Native extension for WindowsStandalone target not found
Native extension for OSXStandalone target not found
Native extension for WebGL target not found
Refreshing native plugins compatible for Editor in 0.87 ms, found 2 plugins.
Preloading 0 native plugins for Editor in 0.00 ms.
Mono: successfully reloaded assembly
- Completed reload, in  1.708 seconds
Platform modules already initialized, skipping
Switching build target platform(19) subTarget(0) extendedPlatform(0) -> platform(13) subTarget(537395333) extendedPlatform(0)
Shader 'Universal Render Pipeline/Particles/Lit': fallback shader 'Universal Render Pipeline/Particles/SimpleLit' not found
Shader 'Universal Render Pipeline/Particles/Lit': fallback shader 'Universal Render Pipeline/Particles/SimpleLit' not found
Refreshing native plugins compatible for Editor in 0.74 ms, found 2 plugins.
Preloading 0 native plugins for Editor in 0.00 ms.
Unloading 3186 Unused Serialized files (Serialized files now loaded: 0)
System memory in use before: 136.4 MB.
System memory in use after: 134.5 MB.

Unloading 46 unused Assets to reduce memory usage. Loaded Objects now: 3730.
Total: 6.375100 ms (FindLiveObjects: 0.553000 ms CreateObjectMapping: 0.179500 ms MarkObjects: 3.933800 ms  DeleteObjects: 1.706500 ms)

AssetImportParameters requested are different than current active one (requested -> active):
  custom:graphics/normal-map-encoding: 01000000000000000000000000000000 -> 02000000000000000000000000000000
========================================================================
Received Prepare
Registering precompiled user dll's ...
Registered in 0.008086 seconds.
Begin MonoManager ReloadAssembly
Native extension for WindowsStandalone target not found
Native extension for OSXStandalone target not found
Native extension for WebGL target not found
Refreshing native plugins compatible for Editor in 0.76 ms, found 2 plugins.
Preloading 0 native plugins for Editor in 0.00 ms.
Mono: successfully reloaded assembly
- Completed reload, in  1.738 seconds
Platform modules already initialized, skipping
Switching build target platform(19) subTarget(0) extendedPlatform(0) -> platform(13) subTarget(537395333) extendedPlatform(0)
Shader 'Universal Render Pipeline/Particles/Lit': fallback shader 'Universal Render Pipeline/Particles/SimpleLit' not found
Shader 'Universal Render Pipeline/Particles/Lit': fallback shader 'Universal Render Pipeline/Particles/SimpleLit' not found
Refreshing native plugins compatible for Editor in 0.70 ms, found 2 plugins.
Preloading 0 native plugins for Editor in 0.00 ms.
Unloading 3186 Unused Serialized files (Serialized files now loaded: 0)
System memory in use before: 136.5 MB.
System memory in use after: 134.5 MB.

Unloading 46 unused Assets to reduce memory usage. Loaded Objects now: 3733.
Total: 5.060600 ms (FindLiveObjects: 0.417800 ms CreateObjectMapping: 0.120300 ms MarkObjects: 2.960100 ms  DeleteObjects: 1.560300 ms)

AssetImportParameters requested are different than current active one (requested -> active):
  custom:graphics/normal-map-encoding: 01000000000000000000000000000000 -> 02000000000000000000000000000000
========================================================================
Received Prepare
Registering precompiled user dll's ...
Registered in 0.007061 seconds.
Begin MonoManager ReloadAssembly
Native extension for WindowsStandalone target not found
Native extension for OSXStandalone target not found
Native extension for WebGL target not found
Refreshing native plugins compatible for Editor in 0.76 ms, found 2 plugins.
Preloading 0 native plugins for Editor in 0.00 ms.
Mono: successfully reloaded assembly
- Completed reload, in  1.680 seconds
Platform modules already initialized, skipping
Switching build target platform(19) subTarget(0) extendedPlatform(0) -> platform(13) subTarget(537395333) extendedPlatform(0)
Shader 'Universal Render Pipeline/Particles/Lit': fallback shader 'Universal Render Pipeline/Particles/SimpleLit' not found
Shader 'Universal Render Pipeline/Particles/Lit': fallback shader 'Universal Render Pipeline/Particles/SimpleLit' not found
Refreshing native plugins compatible for Editor in 0.74 ms, found 2 plugins.
Preloading 0 native plugins for Editor in 0.00 ms.
Unloading 3186 Unused Serialized files (Serialized files now loaded: 0)
System memory in use before: 136.5 MB.
System memory in use after: 134.5 MB.

Unloading 46 unused Assets to reduce memory usage. Loaded Objects now: 3736.
Total: 5.847500 ms (FindLiveObjects: 0.427600 ms CreateObjectMapping: 0.125100 ms MarkObjects: 3.619600 ms  DeleteObjects: 1.673000 ms)

AssetImportParameters requested are different than current active one (requested -> active):
  custom:graphics/normal-map-encoding: 01000000000000000000000000000000 -> 02000000000000000000000000000000
========================================================================
Received Import Request.
  Time since last request: 397.069614 seconds.
  path: Assets/YTaxi/Sprites/Onboarding
  artifactKey: Guid(846df6a2126eef040ba2af6c9f80b64f) Importer(815301076,1909f56bfc062723c751e8b465ee728b)
Start importing Assets/YTaxi/Sprites/Onboarding using Guid(846df6a2126eef040ba2af6c9f80b64f) Importer(815301076,1909f56bfc062723c751e8b465ee728b)  -> (artifact id: '73faf871f11fdfeaa2e3d3fe4aa6a31a') in 0.010273 seconds
  Import took 0.017512 seconds .

========================================================================
Received Import Request.
  Time since last request: 6.175810 seconds.
  path: Assets/YTaxi/Sprites/Onboarding/QuestComplete.png
  artifactKey: Guid(aea720362dc398a4091d4c758e51651d) Importer(815301076,1909f56bfc062723c751e8b465ee728b)
Start importing Assets/YTaxi/Sprites/Onboarding/QuestComplete.png using Guid(aea720362dc398a4091d4c758e51651d) Importer(815301076,1909f56bfc062723c751e8b465ee728b)  -> (artifact id: '8d4b2f4ac4f14d9257b9fe513159faa5') in 0.055760 seconds
  Import took 0.062960 seconds .

========================================================================
Received Import Request.
  Time since last request: 0.017660 seconds.
  path: Assets/YTaxi/Sprites/Onboarding/QuestComplete.png
  artifactKey: Guid(aea720362dc398a4091d4c758e51651d) Importer(815301076,1909f56bfc062723c751e8b465ee728b)
Start importing Assets/YTaxi/Sprites/Onboarding/QuestComplete.png using Guid(aea720362dc398a4091d4c758e51651d) Importer(815301076,1909f56bfc062723c751e8b465ee728b)  -> (artifact id: '8d4b2f4ac4f14d9257b9fe513159faa5') in 0.011049 seconds
  Import took 0.017435 seconds .

========================================================================
Received Import Request.
  Time since last request: 3.214026 seconds.
  path: Assets/YTaxi/Sprites/Onboarding/QuestComplete.png
  artifactKey: Guid(aea720362dc398a4091d4c758e51651d) Importer(815301076,1909f56bfc062723c751e8b465ee728b)
Start importing Assets/YTaxi/Sprites/Onboarding/QuestComplete.png using Guid(aea720362dc398a4091d4c758e51651d) Importer(815301076,1909f56bfc062723c751e8b465ee728b)  -> (artifact id: '3380303067996b7af344493e5d6bf885') in 0.058154 seconds
  Import took 0.064793 seconds .

========================================================================
Received Import Request.
  Time since last request: 0.000756 seconds.
  path: Assets/YTaxi/Sprites/Onboarding/QuestComplete.png
  artifactKey: Guid(aea720362dc398a4091d4c758e51651d) Importer(815301076,1909f56bfc062723c751e8b465ee728b)
Start importing Assets/YTaxi/Sprites/Onboarding/QuestComplete.png using Guid(aea720362dc398a4091d4c758e51651d) Importer(815301076,1909f56bfc062723c751e8b465ee728b)  -> (artifact id: '3380303067996b7af344493e5d6bf885') in 0.013138 seconds
  Import took 0.019115 seconds .

========================================================================
Received Import Request.
  Time since last request: 58.013448 seconds.
  path: Assets/YTaxi/Resources/Prefabs/UI.prefab
  artifactKey: Guid(31579bb69abf81b4c8ac4226fdfe9575) Importer(815301076,1909f56bfc062723c751e8b465ee728b)
Start importing Assets/YTaxi/Resources/Prefabs/UI.prefab using Guid(31579bb69abf81b4c8ac4226fdfe9575) Importer(815301076,1909f56bfc062723c751e8b465ee728b)  -> (artifact id: '2071e422f67d3b27b363d2d2112f581c') in 0.074829 seconds
  Import took 0.083802 seconds .

========================================================================
Received Import Request.
  Time since last request: 0.030882 seconds.
  path: Assets/YTaxi/Resources/Prefabs/UI.prefab
  artifactKey: Guid(31579bb69abf81b4c8ac4226fdfe9575) Importer(815301076,1909f56bfc062723c751e8b465ee728b)
Start importing Assets/YTaxi/Resources/Prefabs/UI.prefab using Guid(31579bb69abf81b4c8ac4226fdfe9575) Importer(815301076,1909f56bfc062723c751e8b465ee728b)  -> (artifact id: '2071e422f67d3b27b363d2d2112f581c') in 0.022131 seconds
  Import took 0.028884 seconds .

========================================================================
Received Prepare
Registering precompiled user dll's ...
Registered in 0.008157 seconds.
Begin MonoManager ReloadAssembly
Native extension for WindowsStandalone target not found
Native extension for OSXStandalone target not found
Native extension for WebGL target not found
Refreshing native plugins compatible for Editor in 0.73 ms, found 2 plugins.
Preloading 0 native plugins for Editor in 0.00 ms.
Mono: successfully reloaded assembly
- Completed reload, in  1.764 seconds
Platform modules already initialized, skipping
Switching build target platform(19) subTarget(0) extendedPlatform(0) -> platform(13) subTarget(537395333) extendedPlatform(0)
Shader 'Universal Render Pipeline/Particles/Lit': fallback shader 'Universal Render Pipeline/Particles/SimpleLit' not found
Shader 'Universal Render Pipeline/Particles/Lit': fallback shader 'Universal Render Pipeline/Particles/SimpleLit' not found
Refreshing native plugins compatible for Editor in 0.71 ms, found 2 plugins.
Preloading 0 native plugins for Editor in 0.00 ms.
Unloading 3186 Unused Serialized files (Serialized files now loaded: 0)
System memory in use before: 139.5 MB.
System memory in use after: 137.6 MB.

Unloading 46 unused Assets to reduce memory usage. Loaded Objects now: 3751.
Total: 5.836700 ms (FindLiveObjects: 0.488900 ms CreateObjectMapping: 0.242600 ms MarkObjects: 3.658100 ms  DeleteObjects: 1.444400 ms)

AssetImportParameters requested are different than current active one (requested -> active):
  custom:graphics/normal-map-encoding: 01000000000000000000000000000000 -> 02000000000000000000000000000000
========================================================================
Received Prepare
Registering precompiled user dll's ...
Registered in 0.007783 seconds.
Begin MonoManager ReloadAssembly
Native extension for WindowsStandalone target not found
Native extension for OSXStandalone target not found
Native extension for WebGL target not found
Refreshing native plugins compatible for Editor in 0.93 ms, found 2 plugins.
Preloading 0 native plugins for Editor in 0.00 ms.
Mono: successfully reloaded assembly
- Completed reload, in  1.723 seconds
Platform modules already initialized, skipping
Switching build target platform(19) subTarget(0) extendedPlatform(0) -> platform(13) subTarget(537395333) extendedPlatform(0)
Shader 'Universal Render Pipeline/Particles/Lit': fallback shader 'Universal Render Pipeline/Particles/SimpleLit' not found
Shader 'Universal Render Pipeline/Particles/Lit': fallback shader 'Universal Render Pipeline/Particles/SimpleLit' not found
Refreshing native plugins compatible for Editor in 0.70 ms, found 2 plugins.
Preloading 0 native plugins for Editor in 0.00 ms.
Unloading 3186 Unused Serialized files (Serialized files now loaded: 0)
System memory in use before: 139.6 MB.
System memory in use after: 137.6 MB.

Unloading 46 unused Assets to reduce memory usage. Loaded Objects now: 3754.
Total: 5.963700 ms (FindLiveObjects: 0.453600 ms CreateObjectMapping: 0.134100 ms MarkObjects: 3.816400 ms  DeleteObjects: 1.557800 ms)

AssetImportParameters requested are different than current active one (requested -> active):
  custom:graphics/normal-map-encoding: 01000000000000000000000000000000 -> 02000000000000000000000000000000
