Using pre-set license
Built from '2020.3/staging' branch; Version is '2020.3.11f1 (99c7afb366b3) revision 10078127'; Using compiler version '192528614'; Build Type 'Release'
OS: 'Windows 10 Education; OS build 19041.1165; Version 2004; 64bit' Language: 'ru' Physical Memory: 15805 MB
BatchMode: 1, IsHumanControllingUs: 0, StartBugReporterOnCrash: 0, Is64bit: 1, IsPro: 0

 COMMAND LINE ARGUMENTS:
C:\Program Files\Unity\Hub\Editor\2020.3.11f1\Editor\Unity.exe
-adb2
-batchMode
-noUpm
-name
AssetImportWorker0
-projectPath
C:/Users/Nintoryan/Documents/GitHub/YTaxi
-logFile
Logs/AssetImportWorker0.log
-srvPort
64930
Successfully changed project path to: C:/Users/Nintoryan/Documents/GitHub/YTaxi
C:/Users/Nintoryan/Documents/GitHub/YTaxi
Using Asset Import Pipeline V2.
Refreshing native plugins compatible for Editor in 104.43 ms, found 2 plugins.
Preloading 0 native plugins for Editor in 0.00 ms.
Initialize engine version: 2020.3.11f1 (99c7afb366b3)
[Subsystems] Discovering subsystems at path C:/Program Files/Unity/Hub/Editor/2020.3.11f1/Editor/Data/Resources/UnitySubsystems
[Subsystems] Discovering subsystems at path C:/Users/Nintoryan/Documents/GitHub/YTaxi/Assets
GfxDevice: creating device client; threaded=0
Direct3D:
    Version:  Direct3D 11.0 [level 11.1]
    Renderer: AMD Radeon(TM) Vega 8 Graphics (ID=0x15d8)
    Vendor:   
    VRAM:     7902 MB
    Driver:   27.20.1032.2
Initialize mono
Mono path[0] = 'C:/Program Files/Unity/Hub/Editor/2020.3.11f1/Editor/Data/Managed'
Mono path[1] = 'C:/Program Files/Unity/Hub/Editor/2020.3.11f1/Editor/Data/MonoBleedingEdge/lib/mono/unityjit'
Mono config path = 'C:/Program Files/Unity/Hub/Editor/2020.3.11f1/Editor/Data/MonoBleedingEdge/etc'
Using monoOptions --debugger-agent=transport=dt_socket,embedding=1,server=y,suspend=n,address=127.0.0.1:56976
Begin MonoManager ReloadAssembly
Registering precompiled unity dll's ...
Register platform support module: C:/Program Files/Unity/Hub/Editor/2020.3.11f1/Editor/Data/PlaybackEngines/WebGLSupport/UnityEditor.WebGL.Extensions.dll
Register platform support module: C:/Program Files/Unity/Hub/Editor/2020.3.11f1/Editor/Data/PlaybackEngines/MacStandaloneSupport/UnityEditor.OSXStandalone.Extensions.dll
Register platform support module: C:/Program Files/Unity/Hub/Editor/2020.3.11f1/Editor/Data/PlaybackEngines/WindowsStandaloneSupport/UnityEditor.WindowsStandalone.Extensions.dll
Registered in 0.006085 seconds.
Native extension for WindowsStandalone target not found
Native extension for OSXStandalone target not found
Native extension for WebGL target not found
Refreshing native plugins compatible for Editor in 146.20 ms, found 2 plugins.
Preloading 0 native plugins for Editor in 0.00 ms.
Mono: successfully reloaded assembly
- Completed reload, in  3.798 seconds
Platform modules already initialized, skipping
Registering precompiled user dll's ...
Registered in 0.009550 seconds.
Begin MonoManager ReloadAssembly
Native extension for WindowsStandalone target not found
Native extension for OSXStandalone target not found
Native extension for WebGL target not found
Refreshing native plugins compatible for Editor in 113.50 ms, found 2 plugins.
Preloading 0 native plugins for Editor in 0.00 ms.
Mono: successfully reloaded assembly
- Completed reload, in  2.215 seconds
Platform modules already initialized, skipping
========================================================================
Worker process is ready to serve import requests
Shader 'Universal Render Pipeline/Particles/Lit': fallback shader 'Universal Render Pipeline/Particles/SimpleLit' not found
Shader 'Universal Render Pipeline/Particles/Lit': fallback shader 'Universal Render Pipeline/Particles/SimpleLit' not found
Launched and connected shader compiler UnityShaderCompiler.exe after 0.11 seconds
Refreshing native plugins compatible for Editor in 0.72 ms, found 2 plugins.
Preloading 0 native plugins for Editor in 0.00 ms.
Unloading 3221 Unused Serialized files (Serialized files now loaded: 0)
System memory in use before: 142.5 MB.
System memory in use after: 140.5 MB.

Unloading 53 unused Assets to reduce memory usage. Loaded Objects now: 3635.
Total: 5.306500 ms (FindLiveObjects: 0.415400 ms CreateObjectMapping: 0.151100 ms MarkObjects: 3.454700 ms  DeleteObjects: 1.283300 ms)

========================================================================
Received Import Request.
  path: Assets/YTaxi/Sprites
  artifactKey: Guid(301a93b76adc4a546b148873b1fea756) Importer(815301076,1909f56bfc062723c751e8b465ee728b)
Start importing Assets/YTaxi/Sprites using Guid(301a93b76adc4a546b148873b1fea756) Importer(815301076,1909f56bfc062723c751e8b465ee728b)  -> (artifact id: 'dd091d1fb3d190858ab4bc859a2547c9') in 0.014238 seconds
  Import took 0.019900 seconds .

========================================================================
Received Import Request.
  Time since last request: 0.000304 seconds.
  path: Assets/YTaxi/Scripts
  artifactKey: Guid(36115c5756d08a743bbdf5fb5e5f7a61) Importer(815301076,1909f56bfc062723c751e8b465ee728b)
Start importing Assets/YTaxi/Scripts using Guid(36115c5756d08a743bbdf5fb5e5f7a61) Importer(815301076,1909f56bfc062723c751e8b465ee728b)  -> (artifact id: '95f29a61c8355344591c8a44856ae1b2') in 0.004194 seconds
  Import took 0.012775 seconds .

========================================================================
Received Import Request.
  Time since last request: 0.449488 seconds.
  path: Assets/YTaxi/Scripts/Editor
  artifactKey: Guid(f947cde90a8c3fd468107f05718c4346) Importer(815301076,1909f56bfc062723c751e8b465ee728b)
Start importing Assets/YTaxi/Scripts/Editor using Guid(f947cde90a8c3fd468107f05718c4346) Importer(815301076,1909f56bfc062723c751e8b465ee728b)  -> (artifact id: '099a65898f452b6c77c4eaaa4e8118de') in 0.004366 seconds
  Import took 0.011158 seconds .

========================================================================
Received Import Request.
  Time since last request: 1.534024 seconds.
  path: Assets/YTaxi/Scripts/TaxiEditorLayerManager.cs
  artifactKey: Guid(a6a47c852f86407abb459860b402af9b) Importer(815301076,1909f56bfc062723c751e8b465ee728b)
Start importing Assets/YTaxi/Scripts/TaxiEditorLayerManager.cs using Guid(a6a47c852f86407abb459860b402af9b) Importer(815301076,1909f56bfc062723c751e8b465ee728b)  -> (artifact id: '546d74098fcb91c50a6295296bbfb4c4') in 0.039482 seconds
  Import took 0.046215 seconds .

========================================================================
Received Prepare
Registering precompiled user dll's ...
Registered in 0.007739 seconds.
Begin MonoManager ReloadAssembly
Native extension for WindowsStandalone target not found
Native extension for OSXStandalone target not found
Native extension for WebGL target not found
Refreshing native plugins compatible for Editor in 0.75 ms, found 2 plugins.
Preloading 0 native plugins for Editor in 0.00 ms.
Mono: successfully reloaded assembly
- Completed reload, in  1.714 seconds
Platform modules already initialized, skipping
Shader 'Universal Render Pipeline/Particles/Lit': fallback shader 'Universal Render Pipeline/Particles/SimpleLit' not found
Shader 'Universal Render Pipeline/Particles/Lit': fallback shader 'Universal Render Pipeline/Particles/SimpleLit' not found
Refreshing native plugins compatible for Editor in 0.72 ms, found 2 plugins.
Preloading 0 native plugins for Editor in 0.00 ms.
Unloading 3123 Unused Serialized files (Serialized files now loaded: 0)
System memory in use before: 136.7 MB.
System memory in use after: 134.7 MB.

Unloading 46 unused Assets to reduce memory usage. Loaded Objects now: 3638.
Total: 4.588400 ms (FindLiveObjects: 0.375400 ms CreateObjectMapping: 0.083100 ms MarkObjects: 2.732600 ms  DeleteObjects: 1.395700 ms)

========================================================================
Received Import Request.
  Time since last request: 105.526483 seconds.
  path: Assets/YTaxi/Scripts/Editor/TaxiEditorLayerManager.cs
  artifactKey: Guid(a6a47c852f86407abb459860b402af9b) Importer(815301076,1909f56bfc062723c751e8b465ee728b)
Start importing Assets/YTaxi/Scripts/Editor/TaxiEditorLayerManager.cs using Guid(a6a47c852f86407abb459860b402af9b) Importer(815301076,1909f56bfc062723c751e8b465ee728b)  -> (artifact id: '84fbc81ed197e969f78b4eabd1c0840f') in 0.009521 seconds
  Import took 0.015941 seconds .

========================================================================
Received Prepare
Registering precompiled user dll's ...
Registered in 0.007271 seconds.
Begin MonoManager ReloadAssembly
Native extension for WindowsStandalone target not found
Native extension for OSXStandalone target not found
Native extension for WebGL target not found
Refreshing native plugins compatible for Editor in 0.74 ms, found 2 plugins.
Preloading 0 native plugins for Editor in 0.00 ms.
Mono: successfully reloaded assembly
- Completed reload, in  1.630 seconds
Platform modules already initialized, skipping
Shader 'Universal Render Pipeline/Particles/Lit': fallback shader 'Universal Render Pipeline/Particles/SimpleLit' not found
Shader 'Universal Render Pipeline/Particles/Lit': fallback shader 'Universal Render Pipeline/Particles/SimpleLit' not found
Refreshing native plugins compatible for Editor in 0.69 ms, found 2 plugins.
Preloading 0 native plugins for Editor in 0.00 ms.
Unloading 3123 Unused Serialized files (Serialized files now loaded: 0)
System memory in use before: 136.7 MB.
System memory in use after: 134.8 MB.

Unloading 46 unused Assets to reduce memory usage. Loaded Objects now: 3641.
Total: 5.163100 ms (FindLiveObjects: 0.484700 ms CreateObjectMapping: 0.132400 ms MarkObjects: 3.067900 ms  DeleteObjects: 1.476400 ms)

AssetImportWorkerClient::OnTransportError - code=2 error=End of file
